[2020-10-09 07:44:12] local.ERROR: No application encryption key has been specified. {"exception":"[object] (RuntimeException(code: 0): No application encryption key has been specified. at /home/nwe/Documents/commerce-laravel/vendor/laravel/framework/src/Illuminate/Encryption/EncryptionServiceProvider.php:44)
[stacktrace]
#0 /home/nwe/Documents/commerce-laravel/vendor/laravel/framework/src/Illuminate/Support/helpers.php(1124): Illuminate\\Encryption\\EncryptionServiceProvider->Illuminate\\Encryption\\{closure}()
#1 /home/nwe/Documents/commerce-laravel/vendor/laravel/framework/src/Illuminate/Encryption/EncryptionServiceProvider.php(48): tap()
#2 /home/nwe/Documents/commerce-laravel/vendor/laravel/framework/src/Illuminate/Encryption/EncryptionServiceProvider.php(24): Illuminate\\Encryption\\EncryptionServiceProvider->key()
#3 /home/nwe/Documents/commerce-laravel/vendor/laravel/framework/src/Illuminate/Container/Container.php(785): Illuminate\\Encryption\\EncryptionServiceProvider->Illuminate\\Encryption\\{closure}()
#4 /home/nwe/Documents/commerce-laravel/vendor/laravel/framework/src/Illuminate/Container/Container.php(667): Illuminate\\Container\\Container->build()
#5 /home/nwe/Documents/commerce-laravel/vendor/laravel/framework/src/Illuminate/Container/Container.php(615): Illuminate\\Container\\Container->resolve()
#6 /home/nwe/Documents/commerce-laravel/vendor/laravel/framework/src/Illuminate/Foundation/Application.php(767): Illuminate\\Container\\Container->make()
#7 /home/nwe/Documents/commerce-laravel/vendor/laravel/framework/src/Illuminate/Container/Container.php(927): Illuminate\\Foundation\\Application->make()
#8 /home/nwe/Documents/commerce-laravel/vendor/laravel/framework/src/Illuminate/Container/Container.php(855): Illuminate\\Container\\Container->resolveClass()
#9 /home/nwe/Documents/commerce-laravel/vendor/laravel/framework/src/Illuminate/Container/Container.php(816): Illuminate\\Container\\Container->resolveDependencies()
#10 /home/nwe/Documents/commerce-laravel/vendor/laravel/framework/src/Illuminate/Container/Container.php(667): Illuminate\\Container\\Container->build()
#11 /home/nwe/Documents/commerce-laravel/vendor/laravel/framework/src/Illuminate/Container/Container.php(615): Illuminate\\Container\\Container->resolve()
#12 /home/nwe/Documents/commerce-laravel/vendor/laravel/framework/src/Illuminate/Foundation/Application.php(767): Illuminate\\Container\\Container->make()
#13 /home/nwe/Documents/commerce-laravel/vendor/laravel/framework/src/Illuminate/Pipeline/Pipeline.php(152): Illuminate\\Foundation\\Application->make()
#14 /home/nwe/Documents/commerce-laravel/vendor/laravel/framework/src/Illuminate/Routing/Pipeline.php(53): Illuminate\\Pipeline\\Pipeline->Illuminate\\Pipeline\\{closure}()
#15 /home/nwe/Documents/commerce-laravel/vendor/laravel/framework/src/Illuminate/Pipeline/Pipeline.php(104): Illuminate\\Routing\\Pipeline->Illuminate\\Routing\\{closure}()
#16 /home/nwe/Documents/commerce-laravel/vendor/laravel/framework/src/Illuminate/Routing/Router.php(682): Illuminate\\Pipeline\\Pipeline->then()
#17 /home/nwe/Documents/commerce-laravel/vendor/laravel/framework/src/Illuminate/Routing/Router.php(657): Illuminate\\Routing\\Router->runRouteWithinStack()
#18 /home/nwe/Documents/commerce-laravel/vendor/laravel/framework/src/Illuminate/Routing/Router.php(623): Illuminate\\Routing\\Router->runRoute()
#19 /home/nwe/Documents/commerce-laravel/vendor/laravel/framework/src/Illuminate/Routing/Router.php(612): Illuminate\\Routing\\Router->dispatchToRoute()
#20 /home/nwe/Documents/commerce-laravel/vendor/laravel/framework/src/Illuminate/Foundation/Http/Kernel.php(176): Illuminate\\Routing\\Router->dispatch()
#21 /home/nwe/Documents/commerce-laravel/vendor/laravel/framework/src/Illuminate/Routing/Pipeline.php(30): Illuminate\\Foundation\\Http\\Kernel->Illuminate\\Foundation\\Http\\{closure}()
#22 /home/nwe/Documents/commerce-laravel/vendor/laravel/framework/src/Illuminate/Foundation/Http/Middleware/TransformsRequest.php(21): Illuminate\\Routing\\Pipeline->Illuminate\\Routing\\{closure}()
#23 /home/nwe/Documents/commerce-laravel/vendor/laravel/framework/src/Illuminate/Pipeline/Pipeline.php(163): Illuminate\\Foundation\\Http\\Middleware\\TransformsRequest->handle()
#24 /home/nwe/Documents/commerce-laravel/vendor/laravel/framework/src/Illuminate/Routing/Pipeline.php(53): Illuminate\\Pipeline\\Pipeline->Illuminate\\Pipeline\\{closure}()
#25 /home/nwe/Documents/commerce-laravel/vendor/laravel/framework/src/Illuminate/Foundation/Http/Middleware/TransformsRequest.php(21): Illuminate\\Routing\\Pipeline->Illuminate\\Routing\\{closure}()
#26 /home/nwe/Documents/commerce-laravel/vendor/laravel/framework/src/Illuminate/Pipeline/Pipeline.php(163): Illuminate\\Foundation\\Http\\Middleware\\TransformsRequest->handle()
#27 /home/nwe/Documents/commerce-laravel/vendor/laravel/framework/src/Illuminate/Routing/Pipeline.php(53): Illuminate\\Pipeline\\Pipeline->Illuminate\\Pipeline\\{closure}()
#28 /home/nwe/Documents/commerce-laravel/vendor/laravel/framework/src/Illuminate/Foundation/Http/Middleware/ValidatePostSize.php(27): Illuminate\\Routing\\Pipeline->Illuminate\\Routing\\{closure}()
#29 /home/nwe/Documents/commerce-laravel/vendor/laravel/framework/src/Illuminate/Pipeline/Pipeline.php(163): Illuminate\\Foundation\\Http\\Middleware\\ValidatePostSize->handle()
#30 /home/nwe/Documents/commerce-laravel/vendor/laravel/framework/src/Illuminate/Routing/Pipeline.php(53): Illuminate\\Pipeline\\Pipeline->Illuminate\\Pipeline\\{closure}()
#31 /home/nwe/Documents/commerce-laravel/vendor/laravel/framework/src/Illuminate/Foundation/Http/Middleware/CheckForMaintenanceMode.php(62): Illuminate\\Routing\\Pipeline->Illuminate\\Routing\\{closure}()
#32 /home/nwe/Documents/commerce-laravel/vendor/laravel/framework/src/Illuminate/Pipeline/Pipeline.php(163): Illuminate\\Foundation\\Http\\Middleware\\CheckForMaintenanceMode->handle()
#33 /home/nwe/Documents/commerce-laravel/vendor/laravel/framework/src/Illuminate/Routing/Pipeline.php(53): Illuminate\\Pipeline\\Pipeline->Illuminate\\Pipeline\\{closure}()
#34 /home/nwe/Documents/commerce-laravel/vendor/fideloper/proxy/src/TrustProxies.php(57): Illuminate\\Routing\\Pipeline->Illuminate\\Routing\\{closure}()
#35 /home/nwe/Documents/commerce-laravel/vendor/laravel/framework/src/Illuminate/Pipeline/Pipeline.php(163): Fideloper\\Proxy\\TrustProxies->handle()
#36 /home/nwe/Documents/commerce-laravel/vendor/laravel/framework/src/Illuminate/Routing/Pipeline.php(53): Illuminate\\Pipeline\\Pipeline->Illuminate\\Pipeline\\{closure}()
#37 /home/nwe/Documents/commerce-laravel/vendor/laravel/framework/src/Illuminate/Pipeline/Pipeline.php(104): Illuminate\\Routing\\Pipeline->Illuminate\\Routing\\{closure}()
#38 /home/nwe/Documents/commerce-laravel/vendor/laravel/framework/src/Illuminate/Foundation/Http/Kernel.php(151): Illuminate\\Pipeline\\Pipeline->then()
#39 /home/nwe/Documents/commerce-laravel/vendor/laravel/framework/src/Illuminate/Foundation/Http/Kernel.php(116): Illuminate\\Foundation\\Http\\Kernel->sendRequestThroughRouter()
#40 /home/nwe/Documents/commerce-laravel/public/index.php(55): Illuminate\\Foundation\\Http\\Kernel->handle()
#41 /home/nwe/Documents/commerce-laravel/server.php(21): require_once('/home/nwe/Docum...')
#42 {main}
"} 
[2020-10-09 07:44:13] local.ERROR: No application encryption key has been specified. {"exception":"[object] (RuntimeException(code: 0): No application encryption key has been specified. at /home/nwe/Documents/commerce-laravel/vendor/laravel/framework/src/Illuminate/Encryption/EncryptionServiceProvider.php:44)
[stacktrace]
#0 /home/nwe/Documents/commerce-laravel/vendor/laravel/framework/src/Illuminate/Support/helpers.php(1124): Illuminate\\Encryption\\EncryptionServiceProvider->Illuminate\\Encryption\\{closure}()
#1 /home/nwe/Documents/commerce-laravel/vendor/laravel/framework/src/Illuminate/Encryption/EncryptionServiceProvider.php(48): tap()
#2 /home/nwe/Documents/commerce-laravel/vendor/laravel/framework/src/Illuminate/Encryption/EncryptionServiceProvider.php(24): Illuminate\\Encryption\\EncryptionServiceProvider->key()
#3 /home/nwe/Documents/commerce-laravel/vendor/laravel/framework/src/Illuminate/Container/Container.php(785): Illuminate\\Encryption\\EncryptionServiceProvider->Illuminate\\Encryption\\{closure}()
#4 /home/nwe/Documents/commerce-laravel/vendor/laravel/framework/src/Illuminate/Container/Container.php(667): Illuminate\\Container\\Container->build()
#5 /home/nwe/Documents/commerce-laravel/vendor/laravel/framework/src/Illuminate/Container/Container.php(615): Illuminate\\Container\\Container->resolve()
#6 /home/nwe/Documents/commerce-laravel/vendor/laravel/framework/src/Illuminate/Foundation/Application.php(767): Illuminate\\Container\\Container->make()
#7 /home/nwe/Documents/commerce-laravel/vendor/laravel/framework/src/Illuminate/Container/Container.php(927): Illuminate\\Foundation\\Application->make()
#8 /home/nwe/Documents/commerce-laravel/vendor/laravel/framework/src/Illuminate/Container/Container.php(855): Illuminate\\Container\\Container->resolveClass()
#9 /home/nwe/Documents/commerce-laravel/vendor/laravel/framework/src/Illuminate/Container/Container.php(816): Illuminate\\Container\\Container->resolveDependencies()
#10 /home/nwe/Documents/commerce-laravel/vendor/laravel/framework/src/Illuminate/Container/Container.php(667): Illuminate\\Container\\Container->build()
#11 /home/nwe/Documents/commerce-laravel/vendor/laravel/framework/src/Illuminate/Container/Container.php(615): Illuminate\\Container\\Container->resolve()
#12 /home/nwe/Documents/commerce-laravel/vendor/laravel/framework/src/Illuminate/Foundation/Application.php(767): Illuminate\\Container\\Container->make()
#13 /home/nwe/Documents/commerce-laravel/vendor/laravel/framework/src/Illuminate/Foundation/Http/Kernel.php(215): Illuminate\\Foundation\\Application->make()
#14 /home/nwe/Documents/commerce-laravel/vendor/laravel/framework/src/Illuminate/Foundation/Http/Kernel.php(189): Illuminate\\Foundation\\Http\\Kernel->terminateMiddleware()
#15 /home/nwe/Documents/commerce-laravel/public/index.php(60): Illuminate\\Foundation\\Http\\Kernel->terminate()
#16 /home/nwe/Documents/commerce-laravel/server.php(21): require_once('/home/nwe/Docum...')
#17 {main}
"} 
[2020-10-09 08:02:41] local.ERROR: SQLSTATE[42S22]: Column not found: 1054 Unknown column 'gambar' in 'field list' (SQL: insert into `barangs` (`nama_barang`, `gambar`, `harga`, `stok`, `keterangan`, `updated_at`, `created_at`) values (SSD, ssd.jpeg, 3000, 5, uOvlV3cZchlem9rXMtc5gzaeyYPoIkbFrskHOxcSE0cACM43BV, 2020-10-09 08:02:41, 2020-10-09 08:02:41)) {"exception":"[object] (Illuminate\\Database\\QueryException(code: 42S22): SQLSTATE[42S22]: Column not found: 1054 Unknown column 'gambar' in 'field list' (SQL: insert into `barangs` (`nama_barang`, `gambar`, `harga`, `stok`, `keterangan`, `updated_at`, `created_at`) values (SSD, ssd.jpeg, 3000, 5, uOvlV3cZchlem9rXMtc5gzaeyYPoIkbFrskHOxcSE0cACM43BV, 2020-10-09 08:02:41, 2020-10-09 08:02:41)) at /home/nwe/Documents/commerce-laravel/vendor/laravel/framework/src/Illuminate/Database/Connection.php:664, PDOException(code: 42S22): SQLSTATE[42S22]: Column not found: 1054 Unknown column 'gambar' in 'field list' at /home/nwe/Documents/commerce-laravel/vendor/laravel/framework/src/Illuminate/Database/Connection.php:452)
[stacktrace]
#0 /home/nwe/Documents/commerce-laravel/vendor/laravel/framework/src/Illuminate/Database/Connection.php(624): Illuminate\\Database\\Connection->runQueryCallback()
#1 /home/nwe/Documents/commerce-laravel/vendor/laravel/framework/src/Illuminate/Database/Connection.php(459): Illuminate\\Database\\Connection->run()
#2 /home/nwe/Documents/commerce-laravel/vendor/laravel/framework/src/Illuminate/Database/Connection.php(411): Illuminate\\Database\\Connection->statement()
#3 /home/nwe/Documents/commerce-laravel/vendor/laravel/framework/src/Illuminate/Database/Query/Processors/Processor.php(32): Illuminate\\Database\\Connection->insert()
#4 /home/nwe/Documents/commerce-laravel/vendor/laravel/framework/src/Illuminate/Database/Query/Builder.php(2690): Illuminate\\Database\\Query\\Processors\\Processor->processInsertGetId()
#5 /home/nwe/Documents/commerce-laravel/vendor/laravel/framework/src/Illuminate/Database/Eloquent/Builder.php(1353): Illuminate\\Database\\Query\\Builder->insertGetId()
#6 /home/nwe/Documents/commerce-laravel/vendor/laravel/framework/src/Illuminate/Database/Eloquent/Model.php(839): Illuminate\\Database\\Eloquent\\Builder->__call()
#7 /home/nwe/Documents/commerce-laravel/vendor/laravel/framework/src/Illuminate/Database/Eloquent/Model.php(804): Illuminate\\Database\\Eloquent\\Model->insertAndSetId()
#8 /home/nwe/Documents/commerce-laravel/vendor/laravel/framework/src/Illuminate/Database/Eloquent/Model.php(667): Illuminate\\Database\\Eloquent\\Model->performInsert()
#9 /home/nwe/Documents/commerce-laravel/vendor/laravel/framework/src/Illuminate/Database/Eloquent/FactoryBuilder.php(206): Illuminate\\Database\\Eloquent\\Model->save()
#10 /home/nwe/Documents/commerce-laravel/vendor/laravel/framework/src/Illuminate/Support/Collection.php(475): Illuminate\\Database\\Eloquent\\FactoryBuilder->Illuminate\\Database\\Eloquent\\{closure}()
#11 /home/nwe/Documents/commerce-laravel/vendor/laravel/framework/src/Illuminate/Database/Eloquent/FactoryBuilder.php(207): Illuminate\\Support\\Collection->each()
#12 /home/nwe/Documents/commerce-laravel/vendor/laravel/framework/src/Illuminate/Database/Eloquent/FactoryBuilder.php(185): Illuminate\\Database\\Eloquent\\FactoryBuilder->store()
#13 /home/nwe/Documents/commerce-laravel/database/seeds/BarangSeeder.php(14): Illuminate\\Database\\Eloquent\\FactoryBuilder->create()
#14 [internal function]: BarangSeeder->run()
#15 /home/nwe/Documents/commerce-laravel/vendor/laravel/framework/src/Illuminate/Container/BoundMethod.php(32): call_user_func_array()
#16 /home/nwe/Documents/commerce-laravel/vendor/laravel/framework/src/Illuminate/Container/BoundMethod.php(90): Illuminate\\Container\\BoundMethod::Illuminate\\Container\\{closure}()
#17 /home/nwe/Documents/commerce-laravel/vendor/laravel/framework/src/Illuminate/Container/BoundMethod.php(34): Illuminate\\Container\\BoundMethod::callBoundMethod()
#18 /home/nwe/Documents/commerce-laravel/vendor/laravel/framework/src/Illuminate/Container/Container.php(576): Illuminate\\Container\\BoundMethod::call()
#19 /home/nwe/Documents/commerce-laravel/vendor/laravel/framework/src/Illuminate/Database/Seeder.php(124): Illuminate\\Container\\Container->call()
#20 /home/nwe/Documents/commerce-laravel/vendor/laravel/framework/src/Illuminate/Database/Seeder.php(44): Illuminate\\Database\\Seeder->__invoke()
#21 /home/nwe/Documents/commerce-laravel/database/seeds/DatabaseSeeder.php(15): Illuminate\\Database\\Seeder->call()
#22 [internal function]: DatabaseSeeder->run()
#23 /home/nwe/Documents/commerce-laravel/vendor/laravel/framework/src/Illuminate/Container/BoundMethod.php(32): call_user_func_array()
#24 /home/nwe/Documents/commerce-laravel/vendor/laravel/framework/src/Illuminate/Container/BoundMethod.php(90): Illuminate\\Container\\BoundMethod::Illuminate\\Container\\{closure}()
#25 /home/nwe/Documents/commerce-laravel/vendor/laravel/framework/src/Illuminate/Container/BoundMethod.php(34): Illuminate\\Container\\BoundMethod::callBoundMethod()
#26 /home/nwe/Documents/commerce-laravel/vendor/laravel/framework/src/Illuminate/Container/Container.php(576): Illuminate\\Container\\BoundMethod::call()
#27 /home/nwe/Documents/commerce-laravel/vendor/laravel/framework/src/Illuminate/Database/Seeder.php(124): Illuminate\\Container\\Container->call()
#28 /home/nwe/Documents/commerce-laravel/vendor/laravel/framework/src/Illuminate/Database/Console/Seeds/SeedCommand.php(63): Illuminate\\Database\\Seeder->__invoke()
#29 /home/nwe/Documents/commerce-laravel/vendor/laravel/framework/src/Illuminate/Database/Eloquent/Concerns/GuardsAttributes.php(122): Illuminate\\Database\\Console\\Seeds\\SeedCommand->Illuminate\\Database\\Console\\Seeds\\{closure}()
#30 /home/nwe/Documents/commerce-laravel/vendor/laravel/framework/src/Illuminate/Database/Console/Seeds/SeedCommand.php(64): Illuminate\\Database\\Eloquent\\Model::unguarded()
#31 [internal function]: Illuminate\\Database\\Console\\Seeds\\SeedCommand->handle()
#32 /home/nwe/Documents/commerce-laravel/vendor/laravel/framework/src/Illuminate/Container/BoundMethod.php(32): call_user_func_array()
#33 /home/nwe/Documents/commerce-laravel/vendor/laravel/framework/src/Illuminate/Container/BoundMethod.php(90): Illuminate\\Container\\BoundMethod::Illuminate\\Container\\{closure}()
#34 /home/nwe/Documents/commerce-laravel/vendor/laravel/framework/src/Illuminate/Container/BoundMethod.php(34): Illuminate\\Container\\BoundMethod::callBoundMethod()
#35 /home/nwe/Documents/commerce-laravel/vendor/laravel/framework/src/Illuminate/Container/Container.php(576): Illuminate\\Container\\BoundMethod::call()
#36 /home/nwe/Documents/commerce-laravel/vendor/laravel/framework/src/Illuminate/Console/Command.php(183): Illuminate\\Container\\Container->call()
#37 /home/nwe/Documents/commerce-laravel/vendor/symfony/console/Command/Command.php(255): Illuminate\\Console\\Command->execute()
#38 /home/nwe/Documents/commerce-laravel/vendor/laravel/framework/src/Illuminate/Console/Command.php(170): Symfony\\Component\\Console\\Command\\Command->run()
#39 /home/nwe/Documents/commerce-laravel/vendor/laravel/framework/src/Illuminate/Console/Command.php(198): Illuminate\\Console\\Command->run()
#40 /home/nwe/Documents/commerce-laravel/vendor/laravel/framework/src/Illuminate/Database/Console/Migrations/RefreshCommand.php(126): Illuminate\\Console\\Command->call()
#41 /home/nwe/Documents/commerce-laravel/vendor/laravel/framework/src/Illuminate/Database/Console/Migrations/RefreshCommand.php(67): Illuminate\\Database\\Console\\Migrations\\RefreshCommand->runSeeder()
#42 [internal function]: Illuminate\\Database\\Console\\Migrations\\RefreshCommand->handle()
#43 /home/nwe/Documents/commerce-laravel/vendor/laravel/framework/src/Illuminate/Container/BoundMethod.php(32): call_user_func_array()
#44 /home/nwe/Documents/commerce-laravel/vendor/laravel/framework/src/Illuminate/Container/BoundMethod.php(90): Illuminate\\Container\\BoundMethod::Illuminate\\Container\\{closure}()
#45 /home/nwe/Documents/commerce-laravel/vendor/laravel/framework/src/Illuminate/Container/BoundMethod.php(34): Illuminate\\Container\\BoundMethod::callBoundMethod()
#46 /home/nwe/Documents/commerce-laravel/vendor/laravel/framework/src/Illuminate/Container/Container.php(576): Illuminate\\Container\\BoundMethod::call()
#47 /home/nwe/Documents/commerce-laravel/vendor/laravel/framework/src/Illuminate/Console/Command.php(183): Illuminate\\Container\\Container->call()
#48 /home/nwe/Documents/commerce-laravel/vendor/symfony/console/Command/Command.php(255): Illuminate\\Console\\Command->execute()
#49 /home/nwe/Documents/commerce-laravel/vendor/laravel/framework/src/Illuminate/Console/Command.php(170): Symfony\\Component\\Console\\Command\\Command->run()
#50 /home/nwe/Documents/commerce-laravel/vendor/symfony/console/Application.php(934): Illuminate\\Console\\Command->run()
#51 /home/nwe/Documents/commerce-laravel/vendor/symfony/console/Application.php(273): Symfony\\Component\\Console\\Application->doRunCommand()
#52 /home/nwe/Documents/commerce-laravel/vendor/symfony/console/Application.php(149): Symfony\\Component\\Console\\Application->doRun()
#53 /home/nwe/Documents/commerce-laravel/vendor/laravel/framework/src/Illuminate/Console/Application.php(90): Symfony\\Component\\Console\\Application->run()
#54 /home/nwe/Documents/commerce-laravel/vendor/laravel/framework/src/Illuminate/Foundation/Console/Kernel.php(133): Illuminate\\Console\\Application->run()
#55 /home/nwe/Documents/commerce-laravel/artisan(37): Illuminate\\Foundation\\Console\\Kernel->handle()
#56 {main}
"} 
[2020-10-09 08:06:18] local.ERROR: The "--class:BarangSeeder" option does not exist. {"exception":"[object] (Symfony\\Component\\Console\\Exception\\RuntimeException(code: 0): The \"--class:BarangSeeder\" option does not exist. at /home/nwe/Documents/commerce-laravel/vendor/symfony/console/Input/ArgvInput.php:218)
[stacktrace]
#0 /home/nwe/Documents/commerce-laravel/vendor/symfony/console/Input/ArgvInput.php(154): Symfony\\Component\\Console\\Input\\ArgvInput->addLongOption()
#1 /home/nwe/Documents/commerce-laravel/vendor/symfony/console/Input/ArgvInput.php(82): Symfony\\Component\\Console\\Input\\ArgvInput->parseLongOption()
#2 /home/nwe/Documents/commerce-laravel/vendor/symfony/console/Input/Input.php(55): Symfony\\Component\\Console\\Input\\ArgvInput->parse()
#3 /home/nwe/Documents/commerce-laravel/vendor/symfony/console/Command/Command.php(214): Symfony\\Component\\Console\\Input\\Input->bind()
#4 /home/nwe/Documents/commerce-laravel/vendor/laravel/framework/src/Illuminate/Console/Command.php(170): Symfony\\Component\\Console\\Command\\Command->run()
#5 /home/nwe/Documents/commerce-laravel/vendor/symfony/console/Application.php(934): Illuminate\\Console\\Command->run()
#6 /home/nwe/Documents/commerce-laravel/vendor/symfony/console/Application.php(273): Symfony\\Component\\Console\\Application->doRunCommand()
#7 /home/nwe/Documents/commerce-laravel/vendor/symfony/console/Application.php(149): Symfony\\Component\\Console\\Application->doRun()
#8 /home/nwe/Documents/commerce-laravel/vendor/laravel/framework/src/Illuminate/Console/Application.php(90): Symfony\\Component\\Console\\Application->run()
#9 /home/nwe/Documents/commerce-laravel/vendor/laravel/framework/src/Illuminate/Foundation/Console/Kernel.php(133): Illuminate\\Console\\Application->run()
#10 /home/nwe/Documents/commerce-laravel/artisan(37): Illuminate\\Foundation\\Console\\Kernel->handle()
#11 {main}
"} 
[2020-10-09 08:06:24] local.ERROR: SQLSTATE[42S22]: Column not found: 1054 Unknown column 'gambar' in 'field list' (SQL: insert into `barangs` (`nama_barang`, `gambar`, `harga`, `stok`, `keterangan`, `updated_at`, `created_at`) values (Kopi, kopi.jpeg, 3000, 5, AvqbHLS5QtmYLvzQ3zaK2U2TqLV37nOmVF6AvqamGwliFT0x9e, 2020-10-09 08:06:24, 2020-10-09 08:06:24)) {"exception":"[object] (Illuminate\\Database\\QueryException(code: 42S22): SQLSTATE[42S22]: Column not found: 1054 Unknown column 'gambar' in 'field list' (SQL: insert into `barangs` (`nama_barang`, `gambar`, `harga`, `stok`, `keterangan`, `updated_at`, `created_at`) values (Kopi, kopi.jpeg, 3000, 5, AvqbHLS5QtmYLvzQ3zaK2U2TqLV37nOmVF6AvqamGwliFT0x9e, 2020-10-09 08:06:24, 2020-10-09 08:06:24)) at /home/nwe/Documents/commerce-laravel/vendor/laravel/framework/src/Illuminate/Database/Connection.php:664, PDOException(code: 42S22): SQLSTATE[42S22]: Column not found: 1054 Unknown column 'gambar' in 'field list' at /home/nwe/Documents/commerce-laravel/vendor/laravel/framework/src/Illuminate/Database/Connection.php:452)
[stacktrace]
#0 /home/nwe/Documents/commerce-laravel/vendor/laravel/framework/src/Illuminate/Database/Connection.php(624): Illuminate\\Database\\Connection->runQueryCallback()
#1 /home/nwe/Documents/commerce-laravel/vendor/laravel/framework/src/Illuminate/Database/Connection.php(459): Illuminate\\Database\\Connection->run()
#2 /home/nwe/Documents/commerce-laravel/vendor/laravel/framework/src/Illuminate/Database/Connection.php(411): Illuminate\\Database\\Connection->statement()
#3 /home/nwe/Documents/commerce-laravel/vendor/laravel/framework/src/Illuminate/Database/Query/Processors/Processor.php(32): Illuminate\\Database\\Connection->insert()
#4 /home/nwe/Documents/commerce-laravel/vendor/laravel/framework/src/Illuminate/Database/Query/Builder.php(2690): Illuminate\\Database\\Query\\Processors\\Processor->processInsertGetId()
#5 /home/nwe/Documents/commerce-laravel/vendor/laravel/framework/src/Illuminate/Database/Eloquent/Builder.php(1353): Illuminate\\Database\\Query\\Builder->insertGetId()
#6 /home/nwe/Documents/commerce-laravel/vendor/laravel/framework/src/Illuminate/Database/Eloquent/Model.php(839): Illuminate\\Database\\Eloquent\\Builder->__call()
#7 /home/nwe/Documents/commerce-laravel/vendor/laravel/framework/src/Illuminate/Database/Eloquent/Model.php(804): Illuminate\\Database\\Eloquent\\Model->insertAndSetId()
#8 /home/nwe/Documents/commerce-laravel/vendor/laravel/framework/src/Illuminate/Database/Eloquent/Model.php(667): Illuminate\\Database\\Eloquent\\Model->performInsert()
#9 /home/nwe/Documents/commerce-laravel/vendor/laravel/framework/src/Illuminate/Database/Eloquent/FactoryBuilder.php(206): Illuminate\\Database\\Eloquent\\Model->save()
#10 /home/nwe/Documents/commerce-laravel/vendor/laravel/framework/src/Illuminate/Support/Collection.php(475): Illuminate\\Database\\Eloquent\\FactoryBuilder->Illuminate\\Database\\Eloquent\\{closure}()
#11 /home/nwe/Documents/commerce-laravel/vendor/laravel/framework/src/Illuminate/Database/Eloquent/FactoryBuilder.php(207): Illuminate\\Support\\Collection->each()
#12 /home/nwe/Documents/commerce-laravel/vendor/laravel/framework/src/Illuminate/Database/Eloquent/FactoryBuilder.php(185): Illuminate\\Database\\Eloquent\\FactoryBuilder->store()
#13 /home/nwe/Documents/commerce-laravel/database/seeds/BarangSeeder.php(14): Illuminate\\Database\\Eloquent\\FactoryBuilder->create()
#14 [internal function]: BarangSeeder->run()
#15 /home/nwe/Documents/commerce-laravel/vendor/laravel/framework/src/Illuminate/Container/BoundMethod.php(32): call_user_func_array()
#16 /home/nwe/Documents/commerce-laravel/vendor/laravel/framework/src/Illuminate/Container/BoundMethod.php(90): Illuminate\\Container\\BoundMethod::Illuminate\\Container\\{closure}()
#17 /home/nwe/Documents/commerce-laravel/vendor/laravel/framework/src/Illuminate/Container/BoundMethod.php(34): Illuminate\\Container\\BoundMethod::callBoundMethod()
#18 /home/nwe/Documents/commerce-laravel/vendor/laravel/framework/src/Illuminate/Container/Container.php(576): Illuminate\\Container\\BoundMethod::call()
#19 /home/nwe/Documents/commerce-laravel/vendor/laravel/framework/src/Illuminate/Database/Seeder.php(124): Illuminate\\Container\\Container->call()
#20 /home/nwe/Documents/commerce-laravel/vendor/laravel/framework/src/Illuminate/Database/Console/Seeds/SeedCommand.php(63): Illuminate\\Database\\Seeder->__invoke()
#21 /home/nwe/Documents/commerce-laravel/vendor/laravel/framework/src/Illuminate/Database/Eloquent/Concerns/GuardsAttributes.php(122): Illuminate\\Database\\Console\\Seeds\\SeedCommand->Illuminate\\Database\\Console\\Seeds\\{closure}()
#22 /home/nwe/Documents/commerce-laravel/vendor/laravel/framework/src/Illuminate/Database/Console/Seeds/SeedCommand.php(64): Illuminate\\Database\\Eloquent\\Model::unguarded()
#23 [internal function]: Illuminate\\Database\\Console\\Seeds\\SeedCommand->handle()
#24 /home/nwe/Documents/commerce-laravel/vendor/laravel/framework/src/Illuminate/Container/BoundMethod.php(32): call_user_func_array()
#25 /home/nwe/Documents/commerce-laravel/vendor/laravel/framework/src/Illuminate/Container/BoundMethod.php(90): Illuminate\\Container\\BoundMethod::Illuminate\\Container\\{closure}()
#26 /home/nwe/Documents/commerce-laravel/vendor/laravel/framework/src/Illuminate/Container/BoundMethod.php(34): Illuminate\\Container\\BoundMethod::callBoundMethod()
#27 /home/nwe/Documents/commerce-laravel/vendor/laravel/framework/src/Illuminate/Container/Container.php(576): Illuminate\\Container\\BoundMethod::call()
#28 /home/nwe/Documents/commerce-laravel/vendor/laravel/framework/src/Illuminate/Console/Command.php(183): Illuminate\\Container\\Container->call()
#29 /home/nwe/Documents/commerce-laravel/vendor/symfony/console/Command/Command.php(255): Illuminate\\Console\\Command->execute()
#30 /home/nwe/Documents/commerce-laravel/vendor/laravel/framework/src/Illuminate/Console/Command.php(170): Symfony\\Component\\Console\\Command\\Command->run()
#31 /home/nwe/Documents/commerce-laravel/vendor/symfony/console/Application.php(934): Illuminate\\Console\\Command->run()
#32 /home/nwe/Documents/commerce-laravel/vendor/symfony/console/Application.php(273): Symfony\\Component\\Console\\Application->doRunCommand()
#33 /home/nwe/Documents/commerce-laravel/vendor/symfony/console/Application.php(149): Symfony\\Component\\Console\\Application->doRun()
#34 /home/nwe/Documents/commerce-laravel/vendor/laravel/framework/src/Illuminate/Console/Application.php(90): Symfony\\Component\\Console\\Application->run()
#35 /home/nwe/Documents/commerce-laravel/vendor/laravel/framework/src/Illuminate/Foundation/Console/Kernel.php(133): Illuminate\\Console\\Application->run()
#36 /home/nwe/Documents/commerce-laravel/artisan(37): Illuminate\\Foundation\\Console\\Kernel->handle()
#37 {main}
"} 
[2020-10-09 08:08:10] local.ERROR: SQLSTATE[42S22]: Column not found: 1054 Unknown column 'gambar' in 'field list' (SQL: insert into `barangs` (`nama_barang`, `gambar`, `harga`, `stok`, `keterangan`, `updated_at`, `created_at`) values (SSD, vga.jpeg, 4000, 3, yAJwOJ6zFoliePzGezva2a9FvLX6z44F6xrJfPexeBOeH2MEYh, 2020-10-09 08:08:10, 2020-10-09 08:08:10)) {"exception":"[object] (Illuminate\\Database\\QueryException(code: 42S22): SQLSTATE[42S22]: Column not found: 1054 Unknown column 'gambar' in 'field list' (SQL: insert into `barangs` (`nama_barang`, `gambar`, `harga`, `stok`, `keterangan`, `updated_at`, `created_at`) values (SSD, vga.jpeg, 4000, 3, yAJwOJ6zFoliePzGezva2a9FvLX6z44F6xrJfPexeBOeH2MEYh, 2020-10-09 08:08:10, 2020-10-09 08:08:10)) at /home/nwe/Documents/commerce-laravel/vendor/laravel/framework/src/Illuminate/Database/Connection.php:664, PDOException(code: 42S22): SQLSTATE[42S22]: Column not found: 1054 Unknown column 'gambar' in 'field list' at /home/nwe/Documents/commerce-laravel/vendor/laravel/framework/src/Illuminate/Database/Connection.php:452)
[stacktrace]
#0 /home/nwe/Documents/commerce-laravel/vendor/laravel/framework/src/Illuminate/Database/Connection.php(624): Illuminate\\Database\\Connection->runQueryCallback()
#1 /home/nwe/Documents/commerce-laravel/vendor/laravel/framework/src/Illuminate/Database/Connection.php(459): Illuminate\\Database\\Connection->run()
#2 /home/nwe/Documents/commerce-laravel/vendor/laravel/framework/src/Illuminate/Database/Connection.php(411): Illuminate\\Database\\Connection->statement()
#3 /home/nwe/Documents/commerce-laravel/vendor/laravel/framework/src/Illuminate/Database/Query/Processors/Processor.php(32): Illuminate\\Database\\Connection->insert()
#4 /home/nwe/Documents/commerce-laravel/vendor/laravel/framework/src/Illuminate/Database/Query/Builder.php(2690): Illuminate\\Database\\Query\\Processors\\Processor->processInsertGetId()
#5 /home/nwe/Documents/commerce-laravel/vendor/laravel/framework/src/Illuminate/Database/Eloquent/Builder.php(1353): Illuminate\\Database\\Query\\Builder->insertGetId()
#6 /home/nwe/Documents/commerce-laravel/vendor/laravel/framework/src/Illuminate/Database/Eloquent/Model.php(839): Illuminate\\Database\\Eloquent\\Builder->__call()
#7 /home/nwe/Documents/commerce-laravel/vendor/laravel/framework/src/Illuminate/Database/Eloquent/Model.php(804): Illuminate\\Database\\Eloquent\\Model->insertAndSetId()
#8 /home/nwe/Documents/commerce-laravel/vendor/laravel/framework/src/Illuminate/Database/Eloquent/Model.php(667): Illuminate\\Database\\Eloquent\\Model->performInsert()
#9 /home/nwe/Documents/commerce-laravel/vendor/laravel/framework/src/Illuminate/Database/Eloquent/FactoryBuilder.php(206): Illuminate\\Database\\Eloquent\\Model->save()
#10 /home/nwe/Documents/commerce-laravel/vendor/laravel/framework/src/Illuminate/Support/Collection.php(475): Illuminate\\Database\\Eloquent\\FactoryBuilder->Illuminate\\Database\\Eloquent\\{closure}()
#11 /home/nwe/Documents/commerce-laravel/vendor/laravel/framework/src/Illuminate/Database/Eloquent/FactoryBuilder.php(207): Illuminate\\Support\\Collection->each()
#12 /home/nwe/Documents/commerce-laravel/vendor/laravel/framework/src/Illuminate/Database/Eloquent/FactoryBuilder.php(185): Illuminate\\Database\\Eloquent\\FactoryBuilder->store()
#13 /home/nwe/Documents/commerce-laravel/database/seeds/BarangSeeder.php(14): Illuminate\\Database\\Eloquent\\FactoryBuilder->create()
#14 [internal function]: BarangSeeder->run()
#15 /home/nwe/Documents/commerce-laravel/vendor/laravel/framework/src/Illuminate/Container/BoundMethod.php(32): call_user_func_array()
#16 /home/nwe/Documents/commerce-laravel/vendor/laravel/framework/src/Illuminate/Container/BoundMethod.php(90): Illuminate\\Container\\BoundMethod::Illuminate\\Container\\{closure}()
#17 /home/nwe/Documents/commerce-laravel/vendor/laravel/framework/src/Illuminate/Container/BoundMethod.php(34): Illuminate\\Container\\BoundMethod::callBoundMethod()
#18 /home/nwe/Documents/commerce-laravel/vendor/laravel/framework/src/Illuminate/Container/Container.php(576): Illuminate\\Container\\BoundMethod::call()
#19 /home/nwe/Documents/commerce-laravel/vendor/laravel/framework/src/Illuminate/Database/Seeder.php(124): Illuminate\\Container\\Container->call()
#20 /home/nwe/Documents/commerce-laravel/vendor/laravel/framework/src/Illuminate/Database/Console/Seeds/SeedCommand.php(63): Illuminate\\Database\\Seeder->__invoke()
#21 /home/nwe/Documents/commerce-laravel/vendor/laravel/framework/src/Illuminate/Database/Eloquent/Concerns/GuardsAttributes.php(122): Illuminate\\Database\\Console\\Seeds\\SeedCommand->Illuminate\\Database\\Console\\Seeds\\{closure}()
#22 /home/nwe/Documents/commerce-laravel/vendor/laravel/framework/src/Illuminate/Database/Console/Seeds/SeedCommand.php(64): Illuminate\\Database\\Eloquent\\Model::unguarded()
#23 [internal function]: Illuminate\\Database\\Console\\Seeds\\SeedCommand->handle()
#24 /home/nwe/Documents/commerce-laravel/vendor/laravel/framework/src/Illuminate/Container/BoundMethod.php(32): call_user_func_array()
#25 /home/nwe/Documents/commerce-laravel/vendor/laravel/framework/src/Illuminate/Container/BoundMethod.php(90): Illuminate\\Container\\BoundMethod::Illuminate\\Container\\{closure}()
#26 /home/nwe/Documents/commerce-laravel/vendor/laravel/framework/src/Illuminate/Container/BoundMethod.php(34): Illuminate\\Container\\BoundMethod::callBoundMethod()
#27 /home/nwe/Documents/commerce-laravel/vendor/laravel/framework/src/Illuminate/Container/Container.php(576): Illuminate\\Container\\BoundMethod::call()
#28 /home/nwe/Documents/commerce-laravel/vendor/laravel/framework/src/Illuminate/Console/Command.php(183): Illuminate\\Container\\Container->call()
#29 /home/nwe/Documents/commerce-laravel/vendor/symfony/console/Command/Command.php(255): Illuminate\\Console\\Command->execute()
#30 /home/nwe/Documents/commerce-laravel/vendor/laravel/framework/src/Illuminate/Console/Command.php(170): Symfony\\Component\\Console\\Command\\Command->run()
#31 /home/nwe/Documents/commerce-laravel/vendor/symfony/console/Application.php(934): Illuminate\\Console\\Command->run()
#32 /home/nwe/Documents/commerce-laravel/vendor/symfony/console/Application.php(273): Symfony\\Component\\Console\\Application->doRunCommand()
#33 /home/nwe/Documents/commerce-laravel/vendor/symfony/console/Application.php(149): Symfony\\Component\\Console\\Application->doRun()
#34 /home/nwe/Documents/commerce-laravel/vendor/laravel/framework/src/Illuminate/Console/Application.php(90): Symfony\\Component\\Console\\Application->run()
#35 /home/nwe/Documents/commerce-laravel/vendor/laravel/framework/src/Illuminate/Foundation/Console/Kernel.php(133): Illuminate\\Console\\Application->run()
#36 /home/nwe/Documents/commerce-laravel/artisan(37): Illuminate\\Foundation\\Console\\Kernel->handle()
#37 {main}
"} 
[2020-10-09 08:13:42] local.ERROR: SQLSTATE[42S22]: Column not found: 1054 Unknown column 'gambar' in 'field list' (SQL: insert into `barangs` (`nama_barang`, `gambar`, `harga`, `stok`, `keterangan`, `updated_at`, `created_at`) values (SSD, vga.jpeg, 4000, 5, Nur3I6TWNq9woT5TgpLnHO2rwuFHvVjblni9MjHNcDZA4VFWPE, 2020-10-09 08:13:41, 2020-10-09 08:13:41)) {"exception":"[object] (Illuminate\\Database\\QueryException(code: 42S22): SQLSTATE[42S22]: Column not found: 1054 Unknown column 'gambar' in 'field list' (SQL: insert into `barangs` (`nama_barang`, `gambar`, `harga`, `stok`, `keterangan`, `updated_at`, `created_at`) values (SSD, vga.jpeg, 4000, 5, Nur3I6TWNq9woT5TgpLnHO2rwuFHvVjblni9MjHNcDZA4VFWPE, 2020-10-09 08:13:41, 2020-10-09 08:13:41)) at /home/nwe/Documents/commerce-laravel/vendor/laravel/framework/src/Illuminate/Database/Connection.php:664, PDOException(code: 42S22): SQLSTATE[42S22]: Column not found: 1054 Unknown column 'gambar' in 'field list' at /home/nwe/Documents/commerce-laravel/vendor/laravel/framework/src/Illuminate/Database/Connection.php:452)
[stacktrace]
#0 /home/nwe/Documents/commerce-laravel/vendor/laravel/framework/src/Illuminate/Database/Connection.php(624): Illuminate\\Database\\Connection->runQueryCallback()
#1 /home/nwe/Documents/commerce-laravel/vendor/laravel/framework/src/Illuminate/Database/Connection.php(459): Illuminate\\Database\\Connection->run()
#2 /home/nwe/Documents/commerce-laravel/vendor/laravel/framework/src/Illuminate/Database/Connection.php(411): Illuminate\\Database\\Connection->statement()
#3 /home/nwe/Documents/commerce-laravel/vendor/laravel/framework/src/Illuminate/Database/Query/Processors/Processor.php(32): Illuminate\\Database\\Connection->insert()
#4 /home/nwe/Documents/commerce-laravel/vendor/laravel/framework/src/Illuminate/Database/Query/Builder.php(2690): Illuminate\\Database\\Query\\Processors\\Processor->processInsertGetId()
#5 /home/nwe/Documents/commerce-laravel/vendor/laravel/framework/src/Illuminate/Database/Eloquent/Builder.php(1353): Illuminate\\Database\\Query\\Builder->insertGetId()
#6 /home/nwe/Documents/commerce-laravel/vendor/laravel/framework/src/Illuminate/Database/Eloquent/Model.php(839): Illuminate\\Database\\Eloquent\\Builder->__call()
#7 /home/nwe/Documents/commerce-laravel/vendor/laravel/framework/src/Illuminate/Database/Eloquent/Model.php(804): Illuminate\\Database\\Eloquent\\Model->insertAndSetId()
#8 /home/nwe/Documents/commerce-laravel/vendor/laravel/framework/src/Illuminate/Database/Eloquent/Model.php(667): Illuminate\\Database\\Eloquent\\Model->performInsert()
#9 /home/nwe/Documents/commerce-laravel/vendor/laravel/framework/src/Illuminate/Database/Eloquent/FactoryBuilder.php(206): Illuminate\\Database\\Eloquent\\Model->save()
#10 /home/nwe/Documents/commerce-laravel/vendor/laravel/framework/src/Illuminate/Support/Collection.php(475): Illuminate\\Database\\Eloquent\\FactoryBuilder->Illuminate\\Database\\Eloquent\\{closure}()
#11 /home/nwe/Documents/commerce-laravel/vendor/laravel/framework/src/Illuminate/Database/Eloquent/FactoryBuilder.php(207): Illuminate\\Support\\Collection->each()
#12 /home/nwe/Documents/commerce-laravel/vendor/laravel/framework/src/Illuminate/Database/Eloquent/FactoryBuilder.php(185): Illuminate\\Database\\Eloquent\\FactoryBuilder->store()
#13 /home/nwe/Documents/commerce-laravel/database/seeds/BarangSeeder.php(14): Illuminate\\Database\\Eloquent\\FactoryBuilder->create()
#14 [internal function]: BarangSeeder->run()
#15 /home/nwe/Documents/commerce-laravel/vendor/laravel/framework/src/Illuminate/Container/BoundMethod.php(32): call_user_func_array()
#16 /home/nwe/Documents/commerce-laravel/vendor/laravel/framework/src/Illuminate/Container/BoundMethod.php(90): Illuminate\\Container\\BoundMethod::Illuminate\\Container\\{closure}()
#17 /home/nwe/Documents/commerce-laravel/vendor/laravel/framework/src/Illuminate/Container/BoundMethod.php(34): Illuminate\\Container\\BoundMethod::callBoundMethod()
#18 /home/nwe/Documents/commerce-laravel/vendor/laravel/framework/src/Illuminate/Container/Container.php(576): Illuminate\\Container\\BoundMethod::call()
#19 /home/nwe/Documents/commerce-laravel/vendor/laravel/framework/src/Illuminate/Database/Seeder.php(124): Illuminate\\Container\\Container->call()
#20 /home/nwe/Documents/commerce-laravel/vendor/laravel/framework/src/Illuminate/Database/Console/Seeds/SeedCommand.php(63): Illuminate\\Database\\Seeder->__invoke()
#21 /home/nwe/Documents/commerce-laravel/vendor/laravel/framework/src/Illuminate/Database/Eloquent/Concerns/GuardsAttributes.php(122): Illuminate\\Database\\Console\\Seeds\\SeedCommand->Illuminate\\Database\\Console\\Seeds\\{closure}()
#22 /home/nwe/Documents/commerce-laravel/vendor/laravel/framework/src/Illuminate/Database/Console/Seeds/SeedCommand.php(64): Illuminate\\Database\\Eloquent\\Model::unguarded()
#23 [internal function]: Illuminate\\Database\\Console\\Seeds\\SeedCommand->handle()
#24 /home/nwe/Documents/commerce-laravel/vendor/laravel/framework/src/Illuminate/Container/BoundMethod.php(32): call_user_func_array()
#25 /home/nwe/Documents/commerce-laravel/vendor/laravel/framework/src/Illuminate/Container/BoundMethod.php(90): Illuminate\\Container\\BoundMethod::Illuminate\\Container\\{closure}()
#26 /home/nwe/Documents/commerce-laravel/vendor/laravel/framework/src/Illuminate/Container/BoundMethod.php(34): Illuminate\\Container\\BoundMethod::callBoundMethod()
#27 /home/nwe/Documents/commerce-laravel/vendor/laravel/framework/src/Illuminate/Container/Container.php(576): Illuminate\\Container\\BoundMethod::call()
#28 /home/nwe/Documents/commerce-laravel/vendor/laravel/framework/src/Illuminate/Console/Command.php(183): Illuminate\\Container\\Container->call()
#29 /home/nwe/Documents/commerce-laravel/vendor/symfony/console/Command/Command.php(255): Illuminate\\Console\\Command->execute()
#30 /home/nwe/Documents/commerce-laravel/vendor/laravel/framework/src/Illuminate/Console/Command.php(170): Symfony\\Component\\Console\\Command\\Command->run()
#31 /home/nwe/Documents/commerce-laravel/vendor/symfony/console/Application.php(934): Illuminate\\Console\\Command->run()
#32 /home/nwe/Documents/commerce-laravel/vendor/symfony/console/Application.php(273): Symfony\\Component\\Console\\Application->doRunCommand()
#33 /home/nwe/Documents/commerce-laravel/vendor/symfony/console/Application.php(149): Symfony\\Component\\Console\\Application->doRun()
#34 /home/nwe/Documents/commerce-laravel/vendor/laravel/framework/src/Illuminate/Console/Application.php(90): Symfony\\Component\\Console\\Application->run()
#35 /home/nwe/Documents/commerce-laravel/vendor/laravel/framework/src/Illuminate/Foundation/Console/Kernel.php(133): Illuminate\\Console\\Application->run()
#36 /home/nwe/Documents/commerce-laravel/artisan(37): Illuminate\\Foundation\\Console\\Kernel->handle()
#37 {main}
"} 
[2020-10-09 08:15:15] local.ERROR: SQLSTATE[42S22]: Column not found: 1054 Unknown column 'gambar' in 'field list' (SQL: insert into `barangs` (`nama_barang`, `gambar`, `harga`, `stok`, `keterangan`, `updated_at`, `created_at`) values (SSD, kopi.jpeg, 5000, 3, xu6NPTJUVsUWkzajow9Lvnfcu52onus46iCAgS5H5KXEeBkIk3, 2020-10-09 08:15:15, 2020-10-09 08:15:15)) {"exception":"[object] (Illuminate\\Database\\QueryException(code: 42S22): SQLSTATE[42S22]: Column not found: 1054 Unknown column 'gambar' in 'field list' (SQL: insert into `barangs` (`nama_barang`, `gambar`, `harga`, `stok`, `keterangan`, `updated_at`, `created_at`) values (SSD, kopi.jpeg, 5000, 3, xu6NPTJUVsUWkzajow9Lvnfcu52onus46iCAgS5H5KXEeBkIk3, 2020-10-09 08:15:15, 2020-10-09 08:15:15)) at /home/nwe/Documents/commerce-laravel/vendor/laravel/framework/src/Illuminate/Database/Connection.php:664, PDOException(code: 42S22): SQLSTATE[42S22]: Column not found: 1054 Unknown column 'gambar' in 'field list' at /home/nwe/Documents/commerce-laravel/vendor/laravel/framework/src/Illuminate/Database/Connection.php:452)
[stacktrace]
#0 /home/nwe/Documents/commerce-laravel/vendor/laravel/framework/src/Illuminate/Database/Connection.php(624): Illuminate\\Database\\Connection->runQueryCallback()
#1 /home/nwe/Documents/commerce-laravel/vendor/laravel/framework/src/Illuminate/Database/Connection.php(459): Illuminate\\Database\\Connection->run()
#2 /home/nwe/Documents/commerce-laravel/vendor/laravel/framework/src/Illuminate/Database/Connection.php(411): Illuminate\\Database\\Connection->statement()
#3 /home/nwe/Documents/commerce-laravel/vendor/laravel/framework/src/Illuminate/Database/Query/Processors/Processor.php(32): Illuminate\\Database\\Connection->insert()
#4 /home/nwe/Documents/commerce-laravel/vendor/laravel/framework/src/Illuminate/Database/Query/Builder.php(2690): Illuminate\\Database\\Query\\Processors\\Processor->processInsertGetId()
#5 /home/nwe/Documents/commerce-laravel/vendor/laravel/framework/src/Illuminate/Database/Eloquent/Builder.php(1353): Illuminate\\Database\\Query\\Builder->insertGetId()
#6 /home/nwe/Documents/commerce-laravel/vendor/laravel/framework/src/Illuminate/Database/Eloquent/Model.php(839): Illuminate\\Database\\Eloquent\\Builder->__call()
#7 /home/nwe/Documents/commerce-laravel/vendor/laravel/framework/src/Illuminate/Database/Eloquent/Model.php(804): Illuminate\\Database\\Eloquent\\Model->insertAndSetId()
#8 /home/nwe/Documents/commerce-laravel/vendor/laravel/framework/src/Illuminate/Database/Eloquent/Model.php(667): Illuminate\\Database\\Eloquent\\Model->performInsert()
#9 /home/nwe/Documents/commerce-laravel/vendor/laravel/framework/src/Illuminate/Database/Eloquent/FactoryBuilder.php(206): Illuminate\\Database\\Eloquent\\Model->save()
#10 /home/nwe/Documents/commerce-laravel/vendor/laravel/framework/src/Illuminate/Support/Collection.php(475): Illuminate\\Database\\Eloquent\\FactoryBuilder->Illuminate\\Database\\Eloquent\\{closure}()
#11 /home/nwe/Documents/commerce-laravel/vendor/laravel/framework/src/Illuminate/Database/Eloquent/FactoryBuilder.php(207): Illuminate\\Support\\Collection->each()
#12 /home/nwe/Documents/commerce-laravel/vendor/laravel/framework/src/Illuminate/Database/Eloquent/FactoryBuilder.php(185): Illuminate\\Database\\Eloquent\\FactoryBuilder->store()
#13 /home/nwe/Documents/commerce-laravel/database/seeds/BarangSeeder.php(14): Illuminate\\Database\\Eloquent\\FactoryBuilder->create()
#14 [internal function]: BarangSeeder->run()
#15 /home/nwe/Documents/commerce-laravel/vendor/laravel/framework/src/Illuminate/Container/BoundMethod.php(32): call_user_func_array()
#16 /home/nwe/Documents/commerce-laravel/vendor/laravel/framework/src/Illuminate/Container/BoundMethod.php(90): Illuminate\\Container\\BoundMethod::Illuminate\\Container\\{closure}()
#17 /home/nwe/Documents/commerce-laravel/vendor/laravel/framework/src/Illuminate/Container/BoundMethod.php(34): Illuminate\\Container\\BoundMethod::callBoundMethod()
#18 /home/nwe/Documents/commerce-laravel/vendor/laravel/framework/src/Illuminate/Container/Container.php(576): Illuminate\\Container\\BoundMethod::call()
#19 /home/nwe/Documents/commerce-laravel/vendor/laravel/framework/src/Illuminate/Database/Seeder.php(124): Illuminate\\Container\\Container->call()
#20 /home/nwe/Documents/commerce-laravel/vendor/laravel/framework/src/Illuminate/Database/Console/Seeds/SeedCommand.php(63): Illuminate\\Database\\Seeder->__invoke()
#21 /home/nwe/Documents/commerce-laravel/vendor/laravel/framework/src/Illuminate/Database/Eloquent/Concerns/GuardsAttributes.php(122): Illuminate\\Database\\Console\\Seeds\\SeedCommand->Illuminate\\Database\\Console\\Seeds\\{closure}()
#22 /home/nwe/Documents/commerce-laravel/vendor/laravel/framework/src/Illuminate/Database/Console/Seeds/SeedCommand.php(64): Illuminate\\Database\\Eloquent\\Model::unguarded()
#23 [internal function]: Illuminate\\Database\\Console\\Seeds\\SeedCommand->handle()
#24 /home/nwe/Documents/commerce-laravel/vendor/laravel/framework/src/Illuminate/Container/BoundMethod.php(32): call_user_func_array()
#25 /home/nwe/Documents/commerce-laravel/vendor/laravel/framework/src/Illuminate/Container/BoundMethod.php(90): Illuminate\\Container\\BoundMethod::Illuminate\\Container\\{closure}()
#26 /home/nwe/Documents/commerce-laravel/vendor/laravel/framework/src/Illuminate/Container/BoundMethod.php(34): Illuminate\\Container\\BoundMethod::callBoundMethod()
#27 /home/nwe/Documents/commerce-laravel/vendor/laravel/framework/src/Illuminate/Container/Container.php(576): Illuminate\\Container\\BoundMethod::call()
#28 /home/nwe/Documents/commerce-laravel/vendor/laravel/framework/src/Illuminate/Console/Command.php(183): Illuminate\\Container\\Container->call()
#29 /home/nwe/Documents/commerce-laravel/vendor/symfony/console/Command/Command.php(255): Illuminate\\Console\\Command->execute()
#30 /home/nwe/Documents/commerce-laravel/vendor/laravel/framework/src/Illuminate/Console/Command.php(170): Symfony\\Component\\Console\\Command\\Command->run()
#31 /home/nwe/Documents/commerce-laravel/vendor/symfony/console/Application.php(934): Illuminate\\Console\\Command->run()
#32 /home/nwe/Documents/commerce-laravel/vendor/symfony/console/Application.php(273): Symfony\\Component\\Console\\Application->doRunCommand()
#33 /home/nwe/Documents/commerce-laravel/vendor/symfony/console/Application.php(149): Symfony\\Component\\Console\\Application->doRun()
#34 /home/nwe/Documents/commerce-laravel/vendor/laravel/framework/src/Illuminate/Console/Application.php(90): Symfony\\Component\\Console\\Application->run()
#35 /home/nwe/Documents/commerce-laravel/vendor/laravel/framework/src/Illuminate/Foundation/Console/Kernel.php(133): Illuminate\\Console\\Application->run()
#36 /home/nwe/Documents/commerce-laravel/artisan(37): Illuminate\\Foundation\\Console\\Kernel->handle()
#37 {main}
"} 
[2020-10-09 08:17:34] local.ERROR: SQLSTATE[42S22]: Column not found: 1054 Unknown column 'gambar' in 'field list' (SQL: insert into `barangs` (`nama_barang`, `gambar`, `harga`, `stok`, `keterangan`, `updated_at`, `created_at`) values (Kopi, kopi.jpeg, 4000, 4, ds8beIdKIFY9dCBexyjDL3IJmhXwEg2IyKa13rXXOEXb2pKIX8, 2020-10-09 08:17:34, 2020-10-09 08:17:34)) {"exception":"[object] (Illuminate\\Database\\QueryException(code: 42S22): SQLSTATE[42S22]: Column not found: 1054 Unknown column 'gambar' in 'field list' (SQL: insert into `barangs` (`nama_barang`, `gambar`, `harga`, `stok`, `keterangan`, `updated_at`, `created_at`) values (Kopi, kopi.jpeg, 4000, 4, ds8beIdKIFY9dCBexyjDL3IJmhXwEg2IyKa13rXXOEXb2pKIX8, 2020-10-09 08:17:34, 2020-10-09 08:17:34)) at /home/nwe/Documents/commerce-laravel/vendor/laravel/framework/src/Illuminate/Database/Connection.php:664, PDOException(code: 42S22): SQLSTATE[42S22]: Column not found: 1054 Unknown column 'gambar' in 'field list' at /home/nwe/Documents/commerce-laravel/vendor/laravel/framework/src/Illuminate/Database/Connection.php:452)
[stacktrace]
#0 /home/nwe/Documents/commerce-laravel/vendor/laravel/framework/src/Illuminate/Database/Connection.php(624): Illuminate\\Database\\Connection->runQueryCallback()
#1 /home/nwe/Documents/commerce-laravel/vendor/laravel/framework/src/Illuminate/Database/Connection.php(459): Illuminate\\Database\\Connection->run()
#2 /home/nwe/Documents/commerce-laravel/vendor/laravel/framework/src/Illuminate/Database/Connection.php(411): Illuminate\\Database\\Connection->statement()
#3 /home/nwe/Documents/commerce-laravel/vendor/laravel/framework/src/Illuminate/Database/Query/Processors/Processor.php(32): Illuminate\\Database\\Connection->insert()
#4 /home/nwe/Documents/commerce-laravel/vendor/laravel/framework/src/Illuminate/Database/Query/Builder.php(2690): Illuminate\\Database\\Query\\Processors\\Processor->processInsertGetId()
#5 /home/nwe/Documents/commerce-laravel/vendor/laravel/framework/src/Illuminate/Database/Eloquent/Builder.php(1353): Illuminate\\Database\\Query\\Builder->insertGetId()
#6 /home/nwe/Documents/commerce-laravel/vendor/laravel/framework/src/Illuminate/Database/Eloquent/Model.php(839): Illuminate\\Database\\Eloquent\\Builder->__call()
#7 /home/nwe/Documents/commerce-laravel/vendor/laravel/framework/src/Illuminate/Database/Eloquent/Model.php(804): Illuminate\\Database\\Eloquent\\Model->insertAndSetId()
#8 /home/nwe/Documents/commerce-laravel/vendor/laravel/framework/src/Illuminate/Database/Eloquent/Model.php(667): Illuminate\\Database\\Eloquent\\Model->performInsert()
#9 /home/nwe/Documents/commerce-laravel/vendor/laravel/framework/src/Illuminate/Database/Eloquent/FactoryBuilder.php(206): Illuminate\\Database\\Eloquent\\Model->save()
#10 /home/nwe/Documents/commerce-laravel/vendor/laravel/framework/src/Illuminate/Support/Collection.php(475): Illuminate\\Database\\Eloquent\\FactoryBuilder->Illuminate\\Database\\Eloquent\\{closure}()
#11 /home/nwe/Documents/commerce-laravel/vendor/laravel/framework/src/Illuminate/Database/Eloquent/FactoryBuilder.php(207): Illuminate\\Support\\Collection->each()
#12 /home/nwe/Documents/commerce-laravel/vendor/laravel/framework/src/Illuminate/Database/Eloquent/FactoryBuilder.php(185): Illuminate\\Database\\Eloquent\\FactoryBuilder->store()
#13 /home/nwe/Documents/commerce-laravel/database/seeds/BarangSeeder.php(14): Illuminate\\Database\\Eloquent\\FactoryBuilder->create()
#14 [internal function]: BarangSeeder->run()
#15 /home/nwe/Documents/commerce-laravel/vendor/laravel/framework/src/Illuminate/Container/BoundMethod.php(32): call_user_func_array()
#16 /home/nwe/Documents/commerce-laravel/vendor/laravel/framework/src/Illuminate/Container/BoundMethod.php(90): Illuminate\\Container\\BoundMethod::Illuminate\\Container\\{closure}()
#17 /home/nwe/Documents/commerce-laravel/vendor/laravel/framework/src/Illuminate/Container/BoundMethod.php(34): Illuminate\\Container\\BoundMethod::callBoundMethod()
#18 /home/nwe/Documents/commerce-laravel/vendor/laravel/framework/src/Illuminate/Container/Container.php(576): Illuminate\\Container\\BoundMethod::call()
#19 /home/nwe/Documents/commerce-laravel/vendor/laravel/framework/src/Illuminate/Database/Seeder.php(124): Illuminate\\Container\\Container->call()
#20 /home/nwe/Documents/commerce-laravel/vendor/laravel/framework/src/Illuminate/Database/Seeder.php(44): Illuminate\\Database\\Seeder->__invoke()
#21 /home/nwe/Documents/commerce-laravel/database/seeds/DatabaseSeeder.php(15): Illuminate\\Database\\Seeder->call()
#22 [internal function]: DatabaseSeeder->run()
#23 /home/nwe/Documents/commerce-laravel/vendor/laravel/framework/src/Illuminate/Container/BoundMethod.php(32): call_user_func_array()
#24 /home/nwe/Documents/commerce-laravel/vendor/laravel/framework/src/Illuminate/Container/BoundMethod.php(90): Illuminate\\Container\\BoundMethod::Illuminate\\Container\\{closure}()
#25 /home/nwe/Documents/commerce-laravel/vendor/laravel/framework/src/Illuminate/Container/BoundMethod.php(34): Illuminate\\Container\\BoundMethod::callBoundMethod()
#26 /home/nwe/Documents/commerce-laravel/vendor/laravel/framework/src/Illuminate/Container/Container.php(576): Illuminate\\Container\\BoundMethod::call()
#27 /home/nwe/Documents/commerce-laravel/vendor/laravel/framework/src/Illuminate/Database/Seeder.php(124): Illuminate\\Container\\Container->call()
#28 /home/nwe/Documents/commerce-laravel/vendor/laravel/framework/src/Illuminate/Database/Console/Seeds/SeedCommand.php(63): Illuminate\\Database\\Seeder->__invoke()
#29 /home/nwe/Documents/commerce-laravel/vendor/laravel/framework/src/Illuminate/Database/Eloquent/Concerns/GuardsAttributes.php(122): Illuminate\\Database\\Console\\Seeds\\SeedCommand->Illuminate\\Database\\Console\\Seeds\\{closure}()
#30 /home/nwe/Documents/commerce-laravel/vendor/laravel/framework/src/Illuminate/Database/Console/Seeds/SeedCommand.php(64): Illuminate\\Database\\Eloquent\\Model::unguarded()
#31 [internal function]: Illuminate\\Database\\Console\\Seeds\\SeedCommand->handle()
#32 /home/nwe/Documents/commerce-laravel/vendor/laravel/framework/src/Illuminate/Container/BoundMethod.php(32): call_user_func_array()
#33 /home/nwe/Documents/commerce-laravel/vendor/laravel/framework/src/Illuminate/Container/BoundMethod.php(90): Illuminate\\Container\\BoundMethod::Illuminate\\Container\\{closure}()
#34 /home/nwe/Documents/commerce-laravel/vendor/laravel/framework/src/Illuminate/Container/BoundMethod.php(34): Illuminate\\Container\\BoundMethod::callBoundMethod()
#35 /home/nwe/Documents/commerce-laravel/vendor/laravel/framework/src/Illuminate/Container/Container.php(576): Illuminate\\Container\\BoundMethod::call()
#36 /home/nwe/Documents/commerce-laravel/vendor/laravel/framework/src/Illuminate/Console/Command.php(183): Illuminate\\Container\\Container->call()
#37 /home/nwe/Documents/commerce-laravel/vendor/symfony/console/Command/Command.php(255): Illuminate\\Console\\Command->execute()
#38 /home/nwe/Documents/commerce-laravel/vendor/laravel/framework/src/Illuminate/Console/Command.php(170): Symfony\\Component\\Console\\Command\\Command->run()
#39 /home/nwe/Documents/commerce-laravel/vendor/laravel/framework/src/Illuminate/Console/Command.php(198): Illuminate\\Console\\Command->run()
#40 /home/nwe/Documents/commerce-laravel/vendor/laravel/framework/src/Illuminate/Database/Console/Migrations/RefreshCommand.php(126): Illuminate\\Console\\Command->call()
#41 /home/nwe/Documents/commerce-laravel/vendor/laravel/framework/src/Illuminate/Database/Console/Migrations/RefreshCommand.php(67): Illuminate\\Database\\Console\\Migrations\\RefreshCommand->runSeeder()
#42 [internal function]: Illuminate\\Database\\Console\\Migrations\\RefreshCommand->handle()
#43 /home/nwe/Documents/commerce-laravel/vendor/laravel/framework/src/Illuminate/Container/BoundMethod.php(32): call_user_func_array()
#44 /home/nwe/Documents/commerce-laravel/vendor/laravel/framework/src/Illuminate/Container/BoundMethod.php(90): Illuminate\\Container\\BoundMethod::Illuminate\\Container\\{closure}()
#45 /home/nwe/Documents/commerce-laravel/vendor/laravel/framework/src/Illuminate/Container/BoundMethod.php(34): Illuminate\\Container\\BoundMethod::callBoundMethod()
#46 /home/nwe/Documents/commerce-laravel/vendor/laravel/framework/src/Illuminate/Container/Container.php(576): Illuminate\\Container\\BoundMethod::call()
#47 /home/nwe/Documents/commerce-laravel/vendor/laravel/framework/src/Illuminate/Console/Command.php(183): Illuminate\\Container\\Container->call()
#48 /home/nwe/Documents/commerce-laravel/vendor/symfony/console/Command/Command.php(255): Illuminate\\Console\\Command->execute()
#49 /home/nwe/Documents/commerce-laravel/vendor/laravel/framework/src/Illuminate/Console/Command.php(170): Symfony\\Component\\Console\\Command\\Command->run()
#50 /home/nwe/Documents/commerce-laravel/vendor/symfony/console/Application.php(934): Illuminate\\Console\\Command->run()
#51 /home/nwe/Documents/commerce-laravel/vendor/symfony/console/Application.php(273): Symfony\\Component\\Console\\Application->doRunCommand()
#52 /home/nwe/Documents/commerce-laravel/vendor/symfony/console/Application.php(149): Symfony\\Component\\Console\\Application->doRun()
#53 /home/nwe/Documents/commerce-laravel/vendor/laravel/framework/src/Illuminate/Console/Application.php(90): Symfony\\Component\\Console\\Application->run()
#54 /home/nwe/Documents/commerce-laravel/vendor/laravel/framework/src/Illuminate/Foundation/Console/Kernel.php(133): Illuminate\\Console\\Application->run()
#55 /home/nwe/Documents/commerce-laravel/artisan(37): Illuminate\\Foundation\\Console\\Kernel->handle()
#56 {main}
"} 
[2020-10-09 08:26:48] local.ERROR: SQLSTATE[42S22]: Column not found: 1054 Unknown column 'gambar' in 'field list' (SQL: insert into `barangs` (`nama_barang`, `gambar`, `harga`, `stok`, `keterangan`, `updated_at`, `created_at`) values (SSD, kopi.jpeg, 5000, 5, El6JPFcJdkqioD6sN927ebLEPR6uGxPvoYwjNR8T41OBtVz9Qs, 2020-10-09 08:26:48, 2020-10-09 08:26:48)) {"exception":"[object] (Illuminate\\Database\\QueryException(code: 42S22): SQLSTATE[42S22]: Column not found: 1054 Unknown column 'gambar' in 'field list' (SQL: insert into `barangs` (`nama_barang`, `gambar`, `harga`, `stok`, `keterangan`, `updated_at`, `created_at`) values (SSD, kopi.jpeg, 5000, 5, El6JPFcJdkqioD6sN927ebLEPR6uGxPvoYwjNR8T41OBtVz9Qs, 2020-10-09 08:26:48, 2020-10-09 08:26:48)) at /home/nwe/Documents/commerce-laravel/vendor/laravel/framework/src/Illuminate/Database/Connection.php:664, PDOException(code: 42S22): SQLSTATE[42S22]: Column not found: 1054 Unknown column 'gambar' in 'field list' at /home/nwe/Documents/commerce-laravel/vendor/laravel/framework/src/Illuminate/Database/Connection.php:452)
[stacktrace]
#0 /home/nwe/Documents/commerce-laravel/vendor/laravel/framework/src/Illuminate/Database/Connection.php(624): Illuminate\\Database\\Connection->runQueryCallback()
#1 /home/nwe/Documents/commerce-laravel/vendor/laravel/framework/src/Illuminate/Database/Connection.php(459): Illuminate\\Database\\Connection->run()
#2 /home/nwe/Documents/commerce-laravel/vendor/laravel/framework/src/Illuminate/Database/Connection.php(411): Illuminate\\Database\\Connection->statement()
#3 /home/nwe/Documents/commerce-laravel/vendor/laravel/framework/src/Illuminate/Database/Query/Processors/Processor.php(32): Illuminate\\Database\\Connection->insert()
#4 /home/nwe/Documents/commerce-laravel/vendor/laravel/framework/src/Illuminate/Database/Query/Builder.php(2690): Illuminate\\Database\\Query\\Processors\\Processor->processInsertGetId()
#5 /home/nwe/Documents/commerce-laravel/vendor/laravel/framework/src/Illuminate/Database/Eloquent/Builder.php(1353): Illuminate\\Database\\Query\\Builder->insertGetId()
#6 /home/nwe/Documents/commerce-laravel/vendor/laravel/framework/src/Illuminate/Database/Eloquent/Model.php(839): Illuminate\\Database\\Eloquent\\Builder->__call()
#7 /home/nwe/Documents/commerce-laravel/vendor/laravel/framework/src/Illuminate/Database/Eloquent/Model.php(804): Illuminate\\Database\\Eloquent\\Model->insertAndSetId()
#8 /home/nwe/Documents/commerce-laravel/vendor/laravel/framework/src/Illuminate/Database/Eloquent/Model.php(667): Illuminate\\Database\\Eloquent\\Model->performInsert()
#9 /home/nwe/Documents/commerce-laravel/vendor/laravel/framework/src/Illuminate/Database/Eloquent/FactoryBuilder.php(206): Illuminate\\Database\\Eloquent\\Model->save()
#10 /home/nwe/Documents/commerce-laravel/vendor/laravel/framework/src/Illuminate/Support/Collection.php(475): Illuminate\\Database\\Eloquent\\FactoryBuilder->Illuminate\\Database\\Eloquent\\{closure}()
#11 /home/nwe/Documents/commerce-laravel/vendor/laravel/framework/src/Illuminate/Database/Eloquent/FactoryBuilder.php(207): Illuminate\\Support\\Collection->each()
#12 /home/nwe/Documents/commerce-laravel/vendor/laravel/framework/src/Illuminate/Database/Eloquent/FactoryBuilder.php(185): Illuminate\\Database\\Eloquent\\FactoryBuilder->store()
#13 /home/nwe/Documents/commerce-laravel/database/seeds/BarangSeeder.php(14): Illuminate\\Database\\Eloquent\\FactoryBuilder->create()
#14 [internal function]: BarangSeeder->run()
#15 /home/nwe/Documents/commerce-laravel/vendor/laravel/framework/src/Illuminate/Container/BoundMethod.php(32): call_user_func_array()
#16 /home/nwe/Documents/commerce-laravel/vendor/laravel/framework/src/Illuminate/Container/BoundMethod.php(90): Illuminate\\Container\\BoundMethod::Illuminate\\Container\\{closure}()
#17 /home/nwe/Documents/commerce-laravel/vendor/laravel/framework/src/Illuminate/Container/BoundMethod.php(34): Illuminate\\Container\\BoundMethod::callBoundMethod()
#18 /home/nwe/Documents/commerce-laravel/vendor/laravel/framework/src/Illuminate/Container/Container.php(576): Illuminate\\Container\\BoundMethod::call()
#19 /home/nwe/Documents/commerce-laravel/vendor/laravel/framework/src/Illuminate/Database/Seeder.php(124): Illuminate\\Container\\Container->call()
#20 /home/nwe/Documents/commerce-laravel/vendor/laravel/framework/src/Illuminate/Database/Console/Seeds/SeedCommand.php(63): Illuminate\\Database\\Seeder->__invoke()
#21 /home/nwe/Documents/commerce-laravel/vendor/laravel/framework/src/Illuminate/Database/Eloquent/Concerns/GuardsAttributes.php(122): Illuminate\\Database\\Console\\Seeds\\SeedCommand->Illuminate\\Database\\Console\\Seeds\\{closure}()
#22 /home/nwe/Documents/commerce-laravel/vendor/laravel/framework/src/Illuminate/Database/Console/Seeds/SeedCommand.php(64): Illuminate\\Database\\Eloquent\\Model::unguarded()
#23 [internal function]: Illuminate\\Database\\Console\\Seeds\\SeedCommand->handle()
#24 /home/nwe/Documents/commerce-laravel/vendor/laravel/framework/src/Illuminate/Container/BoundMethod.php(32): call_user_func_array()
#25 /home/nwe/Documents/commerce-laravel/vendor/laravel/framework/src/Illuminate/Container/BoundMethod.php(90): Illuminate\\Container\\BoundMethod::Illuminate\\Container\\{closure}()
#26 /home/nwe/Documents/commerce-laravel/vendor/laravel/framework/src/Illuminate/Container/BoundMethod.php(34): Illuminate\\Container\\BoundMethod::callBoundMethod()
#27 /home/nwe/Documents/commerce-laravel/vendor/laravel/framework/src/Illuminate/Container/Container.php(576): Illuminate\\Container\\BoundMethod::call()
#28 /home/nwe/Documents/commerce-laravel/vendor/laravel/framework/src/Illuminate/Console/Command.php(183): Illuminate\\Container\\Container->call()
#29 /home/nwe/Documents/commerce-laravel/vendor/symfony/console/Command/Command.php(255): Illuminate\\Console\\Command->execute()
#30 /home/nwe/Documents/commerce-laravel/vendor/laravel/framework/src/Illuminate/Console/Command.php(170): Symfony\\Component\\Console\\Command\\Command->run()
#31 /home/nwe/Documents/commerce-laravel/vendor/symfony/console/Application.php(934): Illuminate\\Console\\Command->run()
#32 /home/nwe/Documents/commerce-laravel/vendor/symfony/console/Application.php(273): Symfony\\Component\\Console\\Application->doRunCommand()
#33 /home/nwe/Documents/commerce-laravel/vendor/symfony/console/Application.php(149): Symfony\\Component\\Console\\Application->doRun()
#34 /home/nwe/Documents/commerce-laravel/vendor/laravel/framework/src/Illuminate/Console/Application.php(90): Symfony\\Component\\Console\\Application->run()
#35 /home/nwe/Documents/commerce-laravel/vendor/laravel/framework/src/Illuminate/Foundation/Console/Kernel.php(133): Illuminate\\Console\\Application->run()
#36 /home/nwe/Documents/commerce-laravel/artisan(37): Illuminate\\Foundation\\Console\\Kernel->handle()
#37 {main}
"} 
[2020-10-09 08:28:14] local.ERROR: Class 'App\Http\Controllers\Hash' not found {"userId":1,"exception":"[object] (Symfony\\Component\\Debug\\Exception\\FatalThrowableError(code: 0): Class 'App\\Http\\Controllers\\Hash' not found at /home/nwe/Documents/commerce-laravel/app/Http/Controllers/ProfileController.php:36)
[stacktrace]
#0 [internal function]: App\\Http\\Controllers\\ProfileController->update()
#1 /home/nwe/Documents/commerce-laravel/vendor/laravel/framework/src/Illuminate/Routing/Controller.php(54): call_user_func_array()
#2 /home/nwe/Documents/commerce-laravel/vendor/laravel/framework/src/Illuminate/Routing/ControllerDispatcher.php(45): Illuminate\\Routing\\Controller->callAction()
#3 /home/nwe/Documents/commerce-laravel/vendor/laravel/framework/src/Illuminate/Routing/Route.php(219): Illuminate\\Routing\\ControllerDispatcher->dispatch()
#4 /home/nwe/Documents/commerce-laravel/vendor/laravel/framework/src/Illuminate/Routing/Route.php(176): Illuminate\\Routing\\Route->runController()
#5 /home/nwe/Documents/commerce-laravel/vendor/laravel/framework/src/Illuminate/Routing/Router.php(680): Illuminate\\Routing\\Route->run()
#6 /home/nwe/Documents/commerce-laravel/vendor/laravel/framework/src/Illuminate/Routing/Pipeline.php(30): Illuminate\\Routing\\Router->Illuminate\\Routing\\{closure}()
#7 /home/nwe/Documents/commerce-laravel/vendor/laravel/framework/src/Illuminate/Routing/Middleware/SubstituteBindings.php(41): Illuminate\\Routing\\Pipeline->Illuminate\\Routing\\{closure}()
#8 /home/nwe/Documents/commerce-laravel/vendor/laravel/framework/src/Illuminate/Pipeline/Pipeline.php(163): Illuminate\\Routing\\Middleware\\SubstituteBindings->handle()
#9 /home/nwe/Documents/commerce-laravel/vendor/laravel/framework/src/Illuminate/Routing/Pipeline.php(53): Illuminate\\Pipeline\\Pipeline->Illuminate\\Pipeline\\{closure}()
#10 /home/nwe/Documents/commerce-laravel/vendor/laravel/framework/src/Illuminate/Auth/Middleware/Authenticate.php(43): Illuminate\\Routing\\Pipeline->Illuminate\\Routing\\{closure}()
#11 /home/nwe/Documents/commerce-laravel/vendor/laravel/framework/src/Illuminate/Pipeline/Pipeline.php(163): Illuminate\\Auth\\Middleware\\Authenticate->handle()
#12 /home/nwe/Documents/commerce-laravel/vendor/laravel/framework/src/Illuminate/Routing/Pipeline.php(53): Illuminate\\Pipeline\\Pipeline->Illuminate\\Pipeline\\{closure}()
#13 /home/nwe/Documents/commerce-laravel/vendor/laravel/framework/src/Illuminate/Foundation/Http/Middleware/VerifyCsrfToken.php(75): Illuminate\\Routing\\Pipeline->Illuminate\\Routing\\{closure}()
#14 /home/nwe/Documents/commerce-laravel/vendor/laravel/framework/src/Illuminate/Pipeline/Pipeline.php(163): Illuminate\\Foundation\\Http\\Middleware\\VerifyCsrfToken->handle()
#15 /home/nwe/Documents/commerce-laravel/vendor/laravel/framework/src/Illuminate/Routing/Pipeline.php(53): Illuminate\\Pipeline\\Pipeline->Illuminate\\Pipeline\\{closure}()
#16 /home/nwe/Documents/commerce-laravel/vendor/laravel/framework/src/Illuminate/View/Middleware/ShareErrorsFromSession.php(49): Illuminate\\Routing\\Pipeline->Illuminate\\Routing\\{closure}()
#17 /home/nwe/Documents/commerce-laravel/vendor/laravel/framework/src/Illuminate/Pipeline/Pipeline.php(163): Illuminate\\View\\Middleware\\ShareErrorsFromSession->handle()
#18 /home/nwe/Documents/commerce-laravel/vendor/laravel/framework/src/Illuminate/Routing/Pipeline.php(53): Illuminate\\Pipeline\\Pipeline->Illuminate\\Pipeline\\{closure}()
#19 /home/nwe/Documents/commerce-laravel/vendor/laravel/framework/src/Illuminate/Session/Middleware/StartSession.php(56): Illuminate\\Routing\\Pipeline->Illuminate\\Routing\\{closure}()
#20 /home/nwe/Documents/commerce-laravel/vendor/laravel/framework/src/Illuminate/Pipeline/Pipeline.php(163): Illuminate\\Session\\Middleware\\StartSession->handle()
#21 /home/nwe/Documents/commerce-laravel/vendor/laravel/framework/src/Illuminate/Routing/Pipeline.php(53): Illuminate\\Pipeline\\Pipeline->Illuminate\\Pipeline\\{closure}()
#22 /home/nwe/Documents/commerce-laravel/vendor/laravel/framework/src/Illuminate/Cookie/Middleware/AddQueuedCookiesToResponse.php(37): Illuminate\\Routing\\Pipeline->Illuminate\\Routing\\{closure}()
#23 /home/nwe/Documents/commerce-laravel/vendor/laravel/framework/src/Illuminate/Pipeline/Pipeline.php(163): Illuminate\\Cookie\\Middleware\\AddQueuedCookiesToResponse->handle()
#24 /home/nwe/Documents/commerce-laravel/vendor/laravel/framework/src/Illuminate/Routing/Pipeline.php(53): Illuminate\\Pipeline\\Pipeline->Illuminate\\Pipeline\\{closure}()
#25 /home/nwe/Documents/commerce-laravel/vendor/laravel/framework/src/Illuminate/Cookie/Middleware/EncryptCookies.php(66): Illuminate\\Routing\\Pipeline->Illuminate\\Routing\\{closure}()
#26 /home/nwe/Documents/commerce-laravel/vendor/laravel/framework/src/Illuminate/Pipeline/Pipeline.php(163): Illuminate\\Cookie\\Middleware\\EncryptCookies->handle()
#27 /home/nwe/Documents/commerce-laravel/vendor/laravel/framework/src/Illuminate/Routing/Pipeline.php(53): Illuminate\\Pipeline\\Pipeline->Illuminate\\Pipeline\\{closure}()
#28 /home/nwe/Documents/commerce-laravel/vendor/laravel/framework/src/Illuminate/Pipeline/Pipeline.php(104): Illuminate\\Routing\\Pipeline->Illuminate\\Routing\\{closure}()
#29 /home/nwe/Documents/commerce-laravel/vendor/laravel/framework/src/Illuminate/Routing/Router.php(682): Illuminate\\Pipeline\\Pipeline->then()
#30 /home/nwe/Documents/commerce-laravel/vendor/laravel/framework/src/Illuminate/Routing/Router.php(657): Illuminate\\Routing\\Router->runRouteWithinStack()
#31 /home/nwe/Documents/commerce-laravel/vendor/laravel/framework/src/Illuminate/Routing/Router.php(623): Illuminate\\Routing\\Router->runRoute()
#32 /home/nwe/Documents/commerce-laravel/vendor/laravel/framework/src/Illuminate/Routing/Router.php(612): Illuminate\\Routing\\Router->dispatchToRoute()
#33 /home/nwe/Documents/commerce-laravel/vendor/laravel/framework/src/Illuminate/Foundation/Http/Kernel.php(176): Illuminate\\Routing\\Router->dispatch()
#34 /home/nwe/Documents/commerce-laravel/vendor/laravel/framework/src/Illuminate/Routing/Pipeline.php(30): Illuminate\\Foundation\\Http\\Kernel->Illuminate\\Foundation\\Http\\{closure}()
#35 /home/nwe/Documents/commerce-laravel/vendor/laravel/framework/src/Illuminate/Foundation/Http/Middleware/TransformsRequest.php(21): Illuminate\\Routing\\Pipeline->Illuminate\\Routing\\{closure}()
#36 /home/nwe/Documents/commerce-laravel/vendor/laravel/framework/src/Illuminate/Pipeline/Pipeline.php(163): Illuminate\\Foundation\\Http\\Middleware\\TransformsRequest->handle()
#37 /home/nwe/Documents/commerce-laravel/vendor/laravel/framework/src/Illuminate/Routing/Pipeline.php(53): Illuminate\\Pipeline\\Pipeline->Illuminate\\Pipeline\\{closure}()
#38 /home/nwe/Documents/commerce-laravel/vendor/laravel/framework/src/Illuminate/Foundation/Http/Middleware/TransformsRequest.php(21): Illuminate\\Routing\\Pipeline->Illuminate\\Routing\\{closure}()
#39 /home/nwe/Documents/commerce-laravel/vendor/laravel/framework/src/Illuminate/Pipeline/Pipeline.php(163): Illuminate\\Foundation\\Http\\Middleware\\TransformsRequest->handle()
#40 /home/nwe/Documents/commerce-laravel/vendor/laravel/framework/src/Illuminate/Routing/Pipeline.php(53): Illuminate\\Pipeline\\Pipeline->Illuminate\\Pipeline\\{closure}()
#41 /home/nwe/Documents/commerce-laravel/vendor/laravel/framework/src/Illuminate/Foundation/Http/Middleware/ValidatePostSize.php(27): Illuminate\\Routing\\Pipeline->Illuminate\\Routing\\{closure}()
#42 /home/nwe/Documents/commerce-laravel/vendor/laravel/framework/src/Illuminate/Pipeline/Pipeline.php(163): Illuminate\\Foundation\\Http\\Middleware\\ValidatePostSize->handle()
#43 /home/nwe/Documents/commerce-laravel/vendor/laravel/framework/src/Illuminate/Routing/Pipeline.php(53): Illuminate\\Pipeline\\Pipeline->Illuminate\\Pipeline\\{closure}()
#44 /home/nwe/Documents/commerce-laravel/vendor/laravel/framework/src/Illuminate/Foundation/Http/Middleware/CheckForMaintenanceMode.php(62): Illuminate\\Routing\\Pipeline->Illuminate\\Routing\\{closure}()
#45 /home/nwe/Documents/commerce-laravel/vendor/laravel/framework/src/Illuminate/Pipeline/Pipeline.php(163): Illuminate\\Foundation\\Http\\Middleware\\CheckForMaintenanceMode->handle()
#46 /home/nwe/Documents/commerce-laravel/vendor/laravel/framework/src/Illuminate/Routing/Pipeline.php(53): Illuminate\\Pipeline\\Pipeline->Illuminate\\Pipeline\\{closure}()
#47 /home/nwe/Documents/commerce-laravel/vendor/fideloper/proxy/src/TrustProxies.php(57): Illuminate\\Routing\\Pipeline->Illuminate\\Routing\\{closure}()
#48 /home/nwe/Documents/commerce-laravel/vendor/laravel/framework/src/Illuminate/Pipeline/Pipeline.php(163): Fideloper\\Proxy\\TrustProxies->handle()
#49 /home/nwe/Documents/commerce-laravel/vendor/laravel/framework/src/Illuminate/Routing/Pipeline.php(53): Illuminate\\Pipeline\\Pipeline->Illuminate\\Pipeline\\{closure}()
#50 /home/nwe/Documents/commerce-laravel/vendor/laravel/framework/src/Illuminate/Pipeline/Pipeline.php(104): Illuminate\\Routing\\Pipeline->Illuminate\\Routing\\{closure}()
#51 /home/nwe/Documents/commerce-laravel/vendor/laravel/framework/src/Illuminate/Foundation/Http/Kernel.php(151): Illuminate\\Pipeline\\Pipeline->then()
#52 /home/nwe/Documents/commerce-laravel/vendor/laravel/framework/src/Illuminate/Foundation/Http/Kernel.php(116): Illuminate\\Foundation\\Http\\Kernel->sendRequestThroughRouter()
#53 /home/nwe/Documents/commerce-laravel/public/index.php(55): Illuminate\\Foundation\\Http\\Kernel->handle()
#54 /home/nwe/Documents/commerce-laravel/server.php(21): require_once('/home/nwe/Docum...')
#55 {main}
"} 
[2020-10-09 08:34:25] local.ERROR: Class 'App\Http\Controllers\Hash' not found {"userId":1,"exception":"[object] (Symfony\\Component\\Debug\\Exception\\FatalThrowableError(code: 0): Class 'App\\Http\\Controllers\\Hash' not found at /home/nwe/Documents/commerce-laravel/app/Http/Controllers/ProfileController.php:36)
[stacktrace]
#0 [internal function]: App\\Http\\Controllers\\ProfileController->update()
#1 /home/nwe/Documents/commerce-laravel/vendor/laravel/framework/src/Illuminate/Routing/Controller.php(54): call_user_func_array()
#2 /home/nwe/Documents/commerce-laravel/vendor/laravel/framework/src/Illuminate/Routing/ControllerDispatcher.php(45): Illuminate\\Routing\\Controller->callAction()
#3 /home/nwe/Documents/commerce-laravel/vendor/laravel/framework/src/Illuminate/Routing/Route.php(219): Illuminate\\Routing\\ControllerDispatcher->dispatch()
#4 /home/nwe/Documents/commerce-laravel/vendor/laravel/framework/src/Illuminate/Routing/Route.php(176): Illuminate\\Routing\\Route->runController()
#5 /home/nwe/Documents/commerce-laravel/vendor/laravel/framework/src/Illuminate/Routing/Router.php(680): Illuminate\\Routing\\Route->run()
#6 /home/nwe/Documents/commerce-laravel/vendor/laravel/framework/src/Illuminate/Routing/Pipeline.php(30): Illuminate\\Routing\\Router->Illuminate\\Routing\\{closure}()
#7 /home/nwe/Documents/commerce-laravel/vendor/laravel/framework/src/Illuminate/Routing/Middleware/SubstituteBindings.php(41): Illuminate\\Routing\\Pipeline->Illuminate\\Routing\\{closure}()
#8 /home/nwe/Documents/commerce-laravel/vendor/laravel/framework/src/Illuminate/Pipeline/Pipeline.php(163): Illuminate\\Routing\\Middleware\\SubstituteBindings->handle()
#9 /home/nwe/Documents/commerce-laravel/vendor/laravel/framework/src/Illuminate/Routing/Pipeline.php(53): Illuminate\\Pipeline\\Pipeline->Illuminate\\Pipeline\\{closure}()
#10 /home/nwe/Documents/commerce-laravel/vendor/laravel/framework/src/Illuminate/Auth/Middleware/Authenticate.php(43): Illuminate\\Routing\\Pipeline->Illuminate\\Routing\\{closure}()
#11 /home/nwe/Documents/commerce-laravel/vendor/laravel/framework/src/Illuminate/Pipeline/Pipeline.php(163): Illuminate\\Auth\\Middleware\\Authenticate->handle()
#12 /home/nwe/Documents/commerce-laravel/vendor/laravel/framework/src/Illuminate/Routing/Pipeline.php(53): Illuminate\\Pipeline\\Pipeline->Illuminate\\Pipeline\\{closure}()
#13 /home/nwe/Documents/commerce-laravel/vendor/laravel/framework/src/Illuminate/Foundation/Http/Middleware/VerifyCsrfToken.php(75): Illuminate\\Routing\\Pipeline->Illuminate\\Routing\\{closure}()
#14 /home/nwe/Documents/commerce-laravel/vendor/laravel/framework/src/Illuminate/Pipeline/Pipeline.php(163): Illuminate\\Foundation\\Http\\Middleware\\VerifyCsrfToken->handle()
#15 /home/nwe/Documents/commerce-laravel/vendor/laravel/framework/src/Illuminate/Routing/Pipeline.php(53): Illuminate\\Pipeline\\Pipeline->Illuminate\\Pipeline\\{closure}()
#16 /home/nwe/Documents/commerce-laravel/vendor/laravel/framework/src/Illuminate/View/Middleware/ShareErrorsFromSession.php(49): Illuminate\\Routing\\Pipeline->Illuminate\\Routing\\{closure}()
#17 /home/nwe/Documents/commerce-laravel/vendor/laravel/framework/src/Illuminate/Pipeline/Pipeline.php(163): Illuminate\\View\\Middleware\\ShareErrorsFromSession->handle()
#18 /home/nwe/Documents/commerce-laravel/vendor/laravel/framework/src/Illuminate/Routing/Pipeline.php(53): Illuminate\\Pipeline\\Pipeline->Illuminate\\Pipeline\\{closure}()
#19 /home/nwe/Documents/commerce-laravel/vendor/laravel/framework/src/Illuminate/Session/Middleware/StartSession.php(56): Illuminate\\Routing\\Pipeline->Illuminate\\Routing\\{closure}()
#20 /home/nwe/Documents/commerce-laravel/vendor/laravel/framework/src/Illuminate/Pipeline/Pipeline.php(163): Illuminate\\Session\\Middleware\\StartSession->handle()
#21 /home/nwe/Documents/commerce-laravel/vendor/laravel/framework/src/Illuminate/Routing/Pipeline.php(53): Illuminate\\Pipeline\\Pipeline->Illuminate\\Pipeline\\{closure}()
#22 /home/nwe/Documents/commerce-laravel/vendor/laravel/framework/src/Illuminate/Cookie/Middleware/AddQueuedCookiesToResponse.php(37): Illuminate\\Routing\\Pipeline->Illuminate\\Routing\\{closure}()
#23 /home/nwe/Documents/commerce-laravel/vendor/laravel/framework/src/Illuminate/Pipeline/Pipeline.php(163): Illuminate\\Cookie\\Middleware\\AddQueuedCookiesToResponse->handle()
#24 /home/nwe/Documents/commerce-laravel/vendor/laravel/framework/src/Illuminate/Routing/Pipeline.php(53): Illuminate\\Pipeline\\Pipeline->Illuminate\\Pipeline\\{closure}()
#25 /home/nwe/Documents/commerce-laravel/vendor/laravel/framework/src/Illuminate/Cookie/Middleware/EncryptCookies.php(66): Illuminate\\Routing\\Pipeline->Illuminate\\Routing\\{closure}()
#26 /home/nwe/Documents/commerce-laravel/vendor/laravel/framework/src/Illuminate/Pipeline/Pipeline.php(163): Illuminate\\Cookie\\Middleware\\EncryptCookies->handle()
#27 /home/nwe/Documents/commerce-laravel/vendor/laravel/framework/src/Illuminate/Routing/Pipeline.php(53): Illuminate\\Pipeline\\Pipeline->Illuminate\\Pipeline\\{closure}()
#28 /home/nwe/Documents/commerce-laravel/vendor/laravel/framework/src/Illuminate/Pipeline/Pipeline.php(104): Illuminate\\Routing\\Pipeline->Illuminate\\Routing\\{closure}()
#29 /home/nwe/Documents/commerce-laravel/vendor/laravel/framework/src/Illuminate/Routing/Router.php(682): Illuminate\\Pipeline\\Pipeline->then()
#30 /home/nwe/Documents/commerce-laravel/vendor/laravel/framework/src/Illuminate/Routing/Router.php(657): Illuminate\\Routing\\Router->runRouteWithinStack()
#31 /home/nwe/Documents/commerce-laravel/vendor/laravel/framework/src/Illuminate/Routing/Router.php(623): Illuminate\\Routing\\Router->runRoute()
#32 /home/nwe/Documents/commerce-laravel/vendor/laravel/framework/src/Illuminate/Routing/Router.php(612): Illuminate\\Routing\\Router->dispatchToRoute()
#33 /home/nwe/Documents/commerce-laravel/vendor/laravel/framework/src/Illuminate/Foundation/Http/Kernel.php(176): Illuminate\\Routing\\Router->dispatch()
#34 /home/nwe/Documents/commerce-laravel/vendor/laravel/framework/src/Illuminate/Routing/Pipeline.php(30): Illuminate\\Foundation\\Http\\Kernel->Illuminate\\Foundation\\Http\\{closure}()
#35 /home/nwe/Documents/commerce-laravel/vendor/laravel/framework/src/Illuminate/Foundation/Http/Middleware/TransformsRequest.php(21): Illuminate\\Routing\\Pipeline->Illuminate\\Routing\\{closure}()
#36 /home/nwe/Documents/commerce-laravel/vendor/laravel/framework/src/Illuminate/Pipeline/Pipeline.php(163): Illuminate\\Foundation\\Http\\Middleware\\TransformsRequest->handle()
#37 /home/nwe/Documents/commerce-laravel/vendor/laravel/framework/src/Illuminate/Routing/Pipeline.php(53): Illuminate\\Pipeline\\Pipeline->Illuminate\\Pipeline\\{closure}()
#38 /home/nwe/Documents/commerce-laravel/vendor/laravel/framework/src/Illuminate/Foundation/Http/Middleware/TransformsRequest.php(21): Illuminate\\Routing\\Pipeline->Illuminate\\Routing\\{closure}()
#39 /home/nwe/Documents/commerce-laravel/vendor/laravel/framework/src/Illuminate/Pipeline/Pipeline.php(163): Illuminate\\Foundation\\Http\\Middleware\\TransformsRequest->handle()
#40 /home/nwe/Documents/commerce-laravel/vendor/laravel/framework/src/Illuminate/Routing/Pipeline.php(53): Illuminate\\Pipeline\\Pipeline->Illuminate\\Pipeline\\{closure}()
#41 /home/nwe/Documents/commerce-laravel/vendor/laravel/framework/src/Illuminate/Foundation/Http/Middleware/ValidatePostSize.php(27): Illuminate\\Routing\\Pipeline->Illuminate\\Routing\\{closure}()
#42 /home/nwe/Documents/commerce-laravel/vendor/laravel/framework/src/Illuminate/Pipeline/Pipeline.php(163): Illuminate\\Foundation\\Http\\Middleware\\ValidatePostSize->handle()
#43 /home/nwe/Documents/commerce-laravel/vendor/laravel/framework/src/Illuminate/Routing/Pipeline.php(53): Illuminate\\Pipeline\\Pipeline->Illuminate\\Pipeline\\{closure}()
#44 /home/nwe/Documents/commerce-laravel/vendor/laravel/framework/src/Illuminate/Foundation/Http/Middleware/CheckForMaintenanceMode.php(62): Illuminate\\Routing\\Pipeline->Illuminate\\Routing\\{closure}()
#45 /home/nwe/Documents/commerce-laravel/vendor/laravel/framework/src/Illuminate/Pipeline/Pipeline.php(163): Illuminate\\Foundation\\Http\\Middleware\\CheckForMaintenanceMode->handle()
#46 /home/nwe/Documents/commerce-laravel/vendor/laravel/framework/src/Illuminate/Routing/Pipeline.php(53): Illuminate\\Pipeline\\Pipeline->Illuminate\\Pipeline\\{closure}()
#47 /home/nwe/Documents/commerce-laravel/vendor/fideloper/proxy/src/TrustProxies.php(57): Illuminate\\Routing\\Pipeline->Illuminate\\Routing\\{closure}()
#48 /home/nwe/Documents/commerce-laravel/vendor/laravel/framework/src/Illuminate/Pipeline/Pipeline.php(163): Fideloper\\Proxy\\TrustProxies->handle()
#49 /home/nwe/Documents/commerce-laravel/vendor/laravel/framework/src/Illuminate/Routing/Pipeline.php(53): Illuminate\\Pipeline\\Pipeline->Illuminate\\Pipeline\\{closure}()
#50 /home/nwe/Documents/commerce-laravel/vendor/laravel/framework/src/Illuminate/Pipeline/Pipeline.php(104): Illuminate\\Routing\\Pipeline->Illuminate\\Routing\\{closure}()
#51 /home/nwe/Documents/commerce-laravel/vendor/laravel/framework/src/Illuminate/Foundation/Http/Kernel.php(151): Illuminate\\Pipeline\\Pipeline->then()
#52 /home/nwe/Documents/commerce-laravel/vendor/laravel/framework/src/Illuminate/Foundation/Http/Kernel.php(116): Illuminate\\Foundation\\Http\\Kernel->sendRequestThroughRouter()
#53 /home/nwe/Documents/commerce-laravel/public/index.php(55): Illuminate\\Foundation\\Http\\Kernel->handle()
#54 /home/nwe/Documents/commerce-laravel/server.php(21): require_once('/home/nwe/Docum...')
#55 {main}
"} 
